1555918020	0.9988360251822719
1555918200	0.9987696958194742
1555918380	0.9923993658558747
1555918560	0.9904640320190362
1555918740	0.9906493679548001
1555918920	0.9926891345666546
1555919100	0.9987175234777895
1555919280	0.9983175109947511
1555919460	0.9986786496428232
1555919640	0.9987675800909457
1555919820	0.9989037929325474
1555920000	0.9988243305540866
1555920180	0.9987276218334614
1555920360	0.9985877052352659
1555920540	0.9986648837520747
1555920720	0.9988083916275023
1555920900	0.9987365907267279
1555921080	0.9987850688939811
1555921260	0.9986375184271823
1555921440	0.9986769764725161
1555921620	0.9986561470880742
1555921800	0.9987439326961245
1555921980	0.9987800256795892
1555922160	0.9987381646671115
1555922340	0.9988188153102162
1555922520	0.9988812284207104
1555922700	0.9987547513910159
1555922880	0.9987698700220768
1555923060	0.9986916353253258
1555923240	0.9987359652991078
1555923420	0.9988038912608667
1555923600	0.9987539289120749
1555923780	0.998750607184916
1555923960	0.9987407113160153
1555924140	0.9987303863727788
1555924320	0.9988059898254433
1555924500	0.9987819373982635
1555924680	0.9986370916356077
1555924860	0.9986602878672886
1555925040	0.9984901221671625
1555925220	0.9986146001150931
1555925400	0.9986174948701002
1555925580	0.9984790596011743
1555925760	0.9984512204412012
1555925940	0.9984985702784339
1555926120	0.9985860032041716
1555926300	0.9986561221113006
1555926480	0.9986503506974058
1555926660	0.9987248907655351
1555926840	0.9985596522476483
1555927020	0.9986419264257684
1555927200	0.9985569831601215
1555927380	0.998554417411719
1555927560	0.9985641829411777
1555927740	0.9984804168934386
1555927920	0.9985882638130967
1555928100	0.9984787603853832
1555928280	0.9984540581380216
1555928460	0.998608881832997
1555928640	0.9985562893263081
1555928820	0.9985561999658688
1555929000	0.9985845923770382
1555929180	0.9984114673996761
1555929360	0.9984090071556136
1555929540	0.9984264584025341
1555929720	0.9984112216214972
1555929900	0.9984275088532217
1555930080	0.9987002064016868
1555930260	0.9988173359210415
1555930440	0.9985713732959112
1555930620	0.9985606244906706
1555930800	0.9985476263418951
1555930980	0.9984917320842559
1555931160	0.9984336876351726
1555931340	0.9984165425931029
1555931520	0.9983883814632576
1555931700	0.9984955087217899
1555931880	0.9984319318930542
1555932060	0.998408048144069
1555932240	0.9984219472239066
1555932420	0.9984307132643023
1555932600	0.9985372150735383
1555932780	0.9984467837517115
1555932960	0.9985082212718089
1555933140	0.9985044484812128
1555933320	0.9984583923807925
1555933500	0.998603273559947
1555933680	0.9985280082060379
1555933860	0.9984360894343329
1555934040	0.9983795179472702
1555934220	0.9983152302768489
1555934400	0.9984464371926152
1555934580	0.9984069904107951
1555934760	0.99842474058712
1555934940	0.9983610179460007
1555935120	0.9984588392825305
1555935300	0.9983496248627868
1555935480	0.9985933421543162
1555935660	0.9986291795751996
1555935840	0.9985020727276942
1555936020	0.9983933814109865
1555936200	0.9985271043821472
1555936380	0.9986180844025497
1555936560	0.9980660707443143
1555936740	0.998568675220114
1555936920	0.998460339920799
1555937100	0.9985138130396164
1555937280	0.9983701895860233
1555937460	0.998456900149765
1555937640	0.9986430116717364
1555937820	0.9985722371021648
1555938000	0.998516049010196
1555938180	0.9985770306379007
1555938360	0.9986339359279541
1555938540	0.9979870519157273
1555938720	0.9985618893626345
1555938900	0.998588305564885
1555939080	0.9986338394833355
1555939260	0.998608087703027
1555939440	0.9987016435774869
1555939620	0.9987282392354531
1555939800	0.9985628975272378
1555939980	0.9985901158630461
1555940160	0.9985851568465659
1555940340	0.998526457423539
1555940520	0.998504202458486
1555940700	0.9985676272242061
1555940880	0.9986547823572617
1555941060	0.9954692750372321
1555941240	0.9985098645900707
1555941420	0.9986452140192853
1555941600	0.9986816815467766
1555941780	0.998573324782842
1555941960	0.9983068977165418
1555942140	0.9984016168982943
1555942320	0.9984216162352588
1555942500	0.998420540864219
1555942680	0.9982719635437536
1555942860	0.9983290769341469
1555943040	0.9982056616546187
1555943220	0.9983698952800196
1555943400	0.9983713137934545
1555943580	0.998373845482669
1555943760	0.9983648211132062
1555943940	0.9984335169112516
1555944120	0.9984194033398787
1555944300	0.99845458492444
1555944480	0.9983675627345995
1555944660	0.9984093801827391
1555944840	0.9985857680589778
1555945020	0.9986058516000943
1555945200	0.998610913380382
1555945380	0.9985041138067178
1555945560	0.9985491383557218
1555945740	0.9965703123859532
1555945920	0.9986889165455531
1555946100	0.9987035124200121
1555946280	0.9987531175234017
1555946460	0.9985733741278048
1555946640	0.9986695540612321
1555946820	0.99869618055042
1555947000	0.9973561236860177
1555947180	0.9987353220994651
1555947360	0.9987429153065855
1555947540	0.9975646634404642
1555947720	0.9957674811862637
1555947900	0.9987608045507678
1555948080	0.9988157687353723
1555948260	0.9968651312671306
1555948440	0.9969086210154365
1555948620	0.9988685332642793
1555948800	0.9965049773101424
1555948980	0.9987015954381191
1555949160	0.9986204711561937
1555949340	0.9988545350384072
1555949520	0.9988205742165447
1555949700	0.9989881082287212
1555949880	0.9989365589859859
1555950060	0.9989107993608076
1555950240	0.998976935278555
1555950420	0.9990326749538527
1555950600	0.999067605235147
1555950780	0.9933986513042418
1555950960	0.9911658261775175
1555951140	0.991013243025542
1555951320	0.9911331729316202
1555951500	0.9911805932785231
1555951680	0.9915979412860599
1555951860	0.9964988139222049
1555952040	0.9933429852913293
1555952220	0.9934962981920876
1555952400	0.99864247845871
1555952580	0.9987233969638452
1555952760	0.9985753118034154
1555952940	0.9986830418909731
1555953120	0.9985331637122336
1555953300	0.998566998320297
1555953480	0.9987322069869838
1555953660	0.9948445570667456
1555953840	0.9919717024867957
1555954020	0.9918899058792295
1555954200	0.9938095626373054
1555954380	0.9989394023173335
1555954560	0.999022179751196
1555954740	0.9989946545539764
1555954920	0.9991487289720632
1555955100	0.9990732443010686
1555955280	0.9988404661205426
1555955460	0.998883607603133
1555955640	0.9988478220637244
1555955820	0.9988955977182419
1555956000	0.9989988861944458
1555956180	0.9989975803084921
1555956360	0.9989734522307359
1555956540	0.9990005975382181
1555956720	0.9991019738824983
1555956900	0.9990241733493135
1555957080	0.9989829109425912
1555957260	0.9990572275005352
1555957440	0.9990131953371008
1555957620	0.9989716706761907
1555957800	0.9988884232555321
1555957980	0.9989090418629617
1555958160	0.9988626195323577
1555958340	0.9989383687489183
1555958520	0.9990349300659206
1555958700	0.9991274756321494
1555958880	0.9991293275530417
1555959060	0.9990317367883231
1555959240	0.9990886516295603
1555959420	0.9989569843029966
1555959600	0.9924900108421986
1555959780	0.9925033160628555
1555959960	0.9973619582285009
1555960140	0.9989569695120116
1555960320	0.9985110034736869
1555960500	0.9990224168881024
1555960680	0.9990836717867941
1555960860	0.9989253775786103
1555961040	0.999033145584214
1555961220	0.9989997922862378
1555961400	0.9990273618782185
1555961580	0.9990142034178269
1555961760	0.9989733850740825
1555961940	0.9990152868984459
1555962120	0.9990185017516613
1555962300	0.999028160765752
1555962480	0.9989395846749938
1555962660	0.9990064152917912
1555962840	0.9989717535052051
1555963020	0.9988870362767523
1555963200	0.9988877210978022
1555963380	0.9990352203712286
1555963560	0.9987557421412078
1555963740	0.9985362020615819
1555963920	0.9984653858219902
1555964100	0.9989582873832683
1555964280	0.9990180368519167
1555964460	0.9989108795298419
1555964640	0.9990119747106712
1555964820	0.9990651475477934
1555965000	0.9988806792539184
1555965180	0.9989921352152689
1555965360	0.9988621683781943
1555965540	0.9988784417503762
1555965720	0.9988113786901717
1555965900	0.9989271319481059
1555966080	0.9989541977965296
1555966260	0.999039479592769
1555966440	0.9988586743559686
1555966620	0.9989561881665041
1555966800	0.9988803862107312
1555966980	0.9987558155561957
1555967160	0.9987702781467667
1555967340	0.9988395679109761
1555967520	0.9987493125285448
1555967700	0.9986739614608743
1555967880	0.9986088069555114
1555968060	0.998804550194707
1555968240	0.9988681973610674
1555968420	0.9988500730289968
1555968600	0.9986758326771321
1555968780	0.9986800840412109
1555968960	0.9987039557123152
1555969140	0.9986941136341434
1555969320	0.9987513522623704
1555969500	0.9987847305127276
1555969680	0.9988468811744585
1555969860	0.9988021015328148
1555970040	0.9987312847471049
1555970220	0.9987652105947509
1555970400	0.9987270254445958
1555970580	0.9988157969326338
1555970760	0.9988183079690239
1555970940	0.9989020052379701
1555971120	0.9986015029920705
1555971300	0.9987977550245599
1555971480	0.9986896674612479
1555971660	0.9986871888020117
1555971840	0.9981571914168901
1555972020	0.998616904879732
1555972200	0.9985878945762515
1555972380	0.9988803790901959
1555972560	0.9987065888893891
1555972740	0.9987587669002133
1555972920	0.9985988921430422
1555973100	0.9984624660838106
1555973280	0.9986723185699006
1555973460	0.9987573610259761
1555973640	0.9987754058826863
1555973820	0.9988981482917826
1555974000	0.9987294842196504
1555974180	0.9986461374393638
1555974360	0.9987049191325271
1555974540	0.9986865282341384
1555974720	0.9983818026985337
1555974900	0.9984135549542417
1555975080	0.998294664351547
1555975260	0.9984585036993354
1555975440	0.9985132451999316
1555975620	0.9985832877045598
1555975800	0.9985727782654625
1555975980	0.9985522735294825
1555976160	0.9985325861709563
1555976340	0.9986016423982639
1555976520	0.9984894818831268
1555976700	0.9984742894411307
1555976880	0.9985923515210704
1555977060	0.9984527125691562
1555977240	0.9984111389388473
1555977420	0.9983328173162442
1555977600	0.9981471131277194
1555977780	0.9983096210144016
1555977960	0.9981477220772564
1555978140	0.9983963732971328
1555978320	0.9983534116315808
1555978500	0.9983818742391741
1555978680	0.9984255836102924
1555978860	0.9984520550690367
1555979040	0.9984269666255338
1555979220	0.9984487628606556
1555979400	0.9982496391907075
1555979580	0.9981148168071875
1555979760	0.9981664922855925
1555979940	0.9984679156991941
1555980120	0.9983040415225436
1555980300	0.9983974406955176
1555980480	0.9983036032105528
1555980660	0.9984764693723736
1555980840	0.9984225751465866
1555981020	0.9983278988327982
1555981200	0.9983068824853
1555981380	0.9983331577226268
1555981560	0.9983517762067691
1555981740	0.9982688999017345
1555981920	0.9984638404746566
1555982100	0.9982909066225257
1555982280	0.9984823327759721
1555982460	0.9984442735584825
1555982640	0.9983718919483237
1555982820	0.9984576683660834
1555983000	0.9983195575652116
1555983180	0.9982301784802773
1555983360	0.9982376026766405
1555983540	0.9984344419636362
1555983720	0.9984892440171748
1555983900	0.9983569493564817
1555984080	0.9983426715263456
1555984260	0.99831183905984
1555984440	0.9982649099270524
1555984620	0.9982912861291355
1555984800	0.998125548930315
1555984980	0.9981504520810193
1555985160	0.9981869982532044
1555985340	0.9983999502737188
1555985520	0.9983437444444209
1555985700	0.9981710150235675
1555985880	0.998120018496349
1555986060	0.9982203925188486
1555986240	0.9983138702153964
1555986420	0.9984332445704611
1555986600	0.9984018884940978
1555986780	0.9983511036814724
1555986960	0.9981996939859388
1555987140	0.9983276187846705
1555987320	0.9985983190349471
1555987500	0.9983070704891325
1555987680	0.9982989572134869
1555987860	0.9984821230085682
1555988040	0.9981348446681926
1555988220	0.9983423939644359
1555988400	0.9984365974986013
1555988580	0.9984700214513333
1555988760	0.9983006245030118
1555988940	0.9985513305424703
1555989120	0.9985073260265143
1555989300	0.9983710366154354
1555989480	0.9984832285431341
1555989660	0.9985255333408768
1555989840	0.9984668922081169
1555990020	0.9981325769423751
1555990200	0.998077647664314
1555990380	0.9981248350771132
1555990560	0.9984062148646838
1555990740	0.9983386481486578
1555990920	0.9984388424179504
1555991100	0.9985156219954203
1555991280	0.9985258556765594
1555991460	0.9984169665213292
1555991640	0.9985012361530188
1555991820	0.9985348982120514
1555992000	0.9983619425369961
1555992180	0.9983983596528632
1555992360	0.9983347196460455
1555992540	0.998277136141212
1555992720	0.9983603464290992
1555992900	0.998340942781661
1555993080	0.9982843495726685
1555993260	0.9981971654156199
1555993440	0.9981938785975532
1555993620	0.9982978214473084
1555993800	0.9983244785662817
1555993980	0.9983511731842459
1555994160	0.9983211257265161
1555994340	0.9982680778143359
1555994520	0.9982767741825905
1555994700	0.9983119277462607
1555994880	0.9983161474477821
1555995060	0.9983324553365999
1555995240	0.9985379046490135
1555995420	0.9985597386559812
1555995600	0.9984230199890521
1555995780	0.9986137095066427
1555995960	0.998694782851706
1555996140	0.9987006145402902
1555996320	0.9985777932905565
1555996500	0.9984767462744281
1555996680	0.998343277905581
1555996860	0.9986057925227629
1555997040	0.9984960076062964
1555997220	0.9984327273177507
1555997400	0.998570482400128
1555997580	0.9986243734958293
1555997760	0.998526489606952
1555997940	0.9985348156445961
1555998120	0.9985496142175015
1555998300	0.9987324030921529
1555998480	0.9986254386875494
1555998660	0.9987482238497264
1555998840	0.9987006577864508
1555999020	0.9988074319821113
1555999200	0.9987010258757425
1555999380	0.9986429969470182
1555999560	0.9984226857759918
1555999740	0.998491974605636
1555999920	0.9984243018913654
1556000100	0.9985994826075782
1556000280	0.9986227888598461
1556000460	0.9986895127472595
1556000640	0.9987188221837636
1556000820	0.9986898315717454
1556001000	0.9985528350628192
1556001180	0.9984990976852314
1556001360	0.9984831284268496
1556001540	0.9987327644107306
1556001720	0.998604008356706
1556001900	0.9987168854314936
1556002080	0.998634831840723
1556002260	0.9985677848587319
1556002440	0.9985187362916123
1556002620	0.998502172387028
1556002800	0.9987658969652706
1556002980	0.9986638564581674
1556003160	0.9986464136815074
1556003340	0.9987041931559897
1556003520	0.9987904759678231
1556003700	0.9987252864524826
1556003880	0.9988196523098585
1556004060	0.9986024510068574
1556004240	0.9987353361755675
1556004420	0.9987286590798508
1556004600	0.998543523307382
1556004780	0.9986467043813053
1556004960	0.9987964731038494
1556005140	0.9987619967211777
1556005320	0.998620382613953
1556005500	0.998823666356819
1556005680	0.9986840845182008
1556005860	0.998699883004395
1556006040	0.9987516356125373
1556006220	0.9986982973314891
1556006400	0.998628477164968
1556006580	0.9985350595340312
1556006760	0.9986744965356794
1556006940	0.9987827282606357
1556007120	0.9987267100885827
1556007300	0.9988023259902277
1556007480	0.9987618186717533
1556007660	0.9987888006005624
1556007840	0.9987553716335793
1556008020	0.9985880655283628
1556008200	0.9987650078761934
1556008380	0.9987517289067782
1556008560	0.9988317130724236
1556008740	0.9988501684687929
1556008920	0.9988685967883375
1556009100	0.9987850993572864
1556009280	0.9988425618259034
1556009460	0.9988050113755429
1556009640	0.9987947518092654
1556009820	0.998842837162033
1556010000	0.9987647653738706
1556010180	0.9987190871346682
1556010360	0.9987210337895707
1556010540	0.998697438185162
1556010720	0.9986808956358547
1556010900	0.998703258113074
1556011080	0.9987126031709049
1556011260	0.9987121708883042
1556011440	0.9986323052519233
1556011620	0.9986505542682024
1556011800	0.9986631426513835
1556011980	0.9986833733573642
1556012160	0.9986687930378583
1556012340	0.9985458485382583
1556012520	0.998520139611203
1556012700	0.9985682096021653
1556012880	0.9985357253536261
1556013060	0.9985735233384302
1556013240	0.9986487337038913
1556013420	0.9986573545519944
1556013600	0.9985954014140679
1556013780	0.9985299090687983
1556013960	0.9984532772638605
1556014140	0.9984377794996467
1556014320	0.9984891447004757
1556014500	0.9985222313772374
1556014680	0.9984129353796982
1556014860	0.998442755923631
1556015040	0.9984135458235338
1556015220	0.9984384544804134
1556015400	0.9985135021774953
1556015580	0.9985184716724593
1556015760	0.9985024470649019
1556015940	0.9986141904750869
1556016120	0.9986831953234007
1556016300	0.9985726788635244
1556016480	0.9985029705804654
1556016660	0.9985929457121868
1556016840	0.9985137012799773
1556017020	0.9984960317766959
1556017200	0.9985573838383078
1556017380	0.9985482181078242
1556017560	0.9984734445125822
1556017740	0.9984144761849465
1556017920	0.998505708621167
1556018100	0.9983974174373226
1556018280	0.9984785329211708
1556018460	0.99841007588289
1556018640	0.9985343112426016
1556018820	0.9984051893329652
1556019000	0.9984253845643056
1556019180	0.9984314569850702
1556019360	0.9984826238659456
1556019540	0.9985845756533395
1556019720	0.9986196852336684
1556019900	0.9986241563767713
1556020080	0.9985305489110037
1556020260	0.9985046868430785
1556020440	0.9984220663393477
1556020620	0.9984396783515275
1556020800	0.9984800811814174
1556020980	0.9985437918176703
1556021160	0.9984880683006976
1556021340	0.9984976685724839
1556021520	0.9984384525490878
1556021700	0.9984128709564489
1556021880	0.9984692258085506
1556022060	0.9983233492009267
1556022240	0.9985299049376629
1556022420	0.9985027280231583
1556022600	0.9985211292592816
1556022780	0.9984936300963388
1556022960	0.998538227727734
1556023140	0.998371263442571
1556023320	0.9983921688599063
1556023500	0.998488013380217
1556023680	0.9984653252822318
1556023860	0.9983599834897564
1556024040	0.9984066025961226
1556024220	0.9983148466130591
1556024400	0.9983959553924663
1556024580	0.9984118096281804
1556024760	0.9983304073291409
1556024940	0.9984755125980959
1556025120	0.9984553271515959
1556025300	0.9985109676539224
1556025480	0.9984574411106258
1556025660	0.9985446345202346
1556025840	0.998406936886325
1556026020	0.9983345163025396
1556026200	0.99839330611452
1556026380	0.9983913618428895
1556026560	0.9984614547345557
1556026740	0.998454048275562
1556026920	0.9985108002831315
1556027100	0.9984825940943767
1556027280	0.9986247175901704
1556027460	0.9985212606460425
1556027640	0.9985608705149522
1556027820	0.9986200473421253
1556028000	0.9986247583925846
1556028180	0.9984247410072634
1556028360	0.9984944224603255
1556028540	0.9985964975925855
1556028720	0.9985972800542904
1556028900	0.9985148105094986
1556029080	0.9984576503277541
1556029260	0.9985149608717444
1556029440	0.9986397487085147
1556029620	0.9985977365649217
1556029800	0.9985148222120012
1556029980	0.99853331884178
1556030160	0.9985150685114585
1556030340	0.9985154589525241
1556030520	0.9985286340177436
1556030700	0.9984217525486366
1556030880	0.9984747996592775
1556031060	0.9985262646955103
1556031240	0.9986812305248955
1556031420	0.9985713477901641
1556031600	0.9985530017696231
1556031780	0.9985433895101867
1556031960	0.9986277691775939
1556032140	0.9987196662538026
1556032320	0.9986933250643947
1556032500	0.9985627366232757
1556032680	0.9986151916695187
1556032860	0.9987232835804026
1556033040	0.9987436714134278
1556033220	0.99865351024593
1556033400	0.9986519149135566
1556033580	0.9986940371837549
1556033760	0.9987823882294955
1556033940	0.9987768922238589
1556034120	0.9987704587627045
1556034300	0.9988143565740101
1556034480	0.9988305826277037
1556034660	0.9988831780856119
1556034840	0.998819112708774
1556035020	0.9989517603736306
1556035200	0.9987294144604203
1556035380	0.9988454964478253
1556035560	0.9988897915313731
1556035740	0.9988652535336441
1556035920	0.9990184815346823
1556036100	0.9989701125616006
1556036280	0.9989659236152418
1556036460	0.9989456436032077
1556036640	0.9989591371520737
1556036820	0.9989855754305448
1556037000	0.9990822212982207
1556037180	0.9989159291334713
1556037360	0.9990152756520693
1556037540	0.9990333581206894
1556037720	0.9989022750462601
1556037900	0.9990506421039229
1556038080	0.9990471349458936
1556038260	0.9990134595810392
1556038440	0.999022707801232
1556038620	0.9988821682479402
1556038800	0.9988578160176854
1556038980	0.9988470564611098
1556039160	0.9990152921669386
1556039340	0.9988678508516589
1556039520	0.9989848629686376
1556039700	0.998906748097369
1556039880	0.9989309411032173
1556040060	0.9989219497437866
1556040240	0.9991477482102423
1556040420	0.9991630203822028
1556040600	0.9990487941913463
1556040780	0.9990920239148153
1556040960	0.9991122651997939
1556041140	0.9992086140801348
1556041320	0.9991114257540461
1556041500	0.9990715361729745
1556041680	0.9990438949412419
1556041860	0.9989521851851374
1556042040	0.9991364575467458
1556042220	0.9989881773748491
1556042400	0.9989009734281299
1556042580	0.9989044847893468
1556042760	0.9991092656257892
1556042940	0.9990953816871933
1556043120	0.9991046865490293
1556043300	0.9990878420592277
1556043480	0.9990601792959234
1556043660	0.9990504912002934
1556043840	0.9990731395649372
1556044020	0.9990076642944437
1556044200	0.9990430777426694
1556044380	0.9990085680799212
1556044560	0.9989688322954988
1556044740	0.9989975738129024
1556044920	0.9990717721468348
1556045100	0.9990416775500094
1556045280	0.9990774158521137
1556045460	0.9990859041514139
1556045640	0.9990175066689184
1556045820	0.9990067651895717
1556046000	0.9989620377908223
1556046180	0.9989939710415272
1556046360	0.9991022063833361
1556046540	0.9990910418311211
1556046720	0.9991078942330961
1556046900	0.9990640831936055
1556047080	0.9989314050147089
1556047260	0.9989710525699679
1556047440	0.9990973671648374
1556047620	0.9990659483403933
1556047800	0.9987472315354493
1556047980	0.9989635129775839
1556048160	0.9988962209057337
1556048340	0.9987656441965788
1556048520	0.9988567690486574
1556048700	0.9989864093728936
1556048880	0.9988800255819293
1556049060	0.9990269174578016
1556049240	0.9991413194154725
1556049420	0.9990294310057056
1556049600	0.9989801385010031
1556049780	0.9990833186996448
1556049960	0.9989692716397987
1556050140	0.9990497201714277
1556050320	0.9990037350940174
1556050500	0.9990492652645214
1556050680	0.9990949370223391
1556050860	0.9990396999062207
1556051040	0.9989592975912823
1556051220	0.9989732288908397
1556051400	0.9988724461430146
1556051580	0.9989487066716257
1556051760	0.9989965374258843
1556051940	0.9987288961175854
1556052120	0.998994554139871
1556052300	0.9987957299227002
1556052480	0.9988481529342542
1556052660	0.9987168322136879
1556052840	0.9988578712336812
1556053020	0.9989949658889573
1556053200	0.9986587515342239
1556053380	0.9988139929825735
1556053560	0.998706810828798
1556053740	0.9990303460295377
1556053920	0.9990075780941885
1556054100	0.9989271809933492
1556054280	0.9990000349013792
1556054460	0.998990340465752
1556054640	0.9989149019619207
1556054820	0.9987640822991234
1556055000	0.9989693598014872
1556055180	0.9990907340107509
1556055360	0.9988038124587869
1556055540	0.9990062754984386
1556055720	0.9989617032698653
1556055900	0.9990461548820038
1556056080	0.9990135845252185
1556056260	0.9988132267934532
1556056440	0.9990395226961855
1556056620	0.9988453854095378
1556056800	0.9987752762058174
1556056980	0.9988391351802259
1556057160	0.9987529720213311
1556057340	0.9987904820695549
1556057520	0.9988032221854152
1556057700	0.9988916278543405
1556057880	0.9988657486010505
1556058060	0.9986537875374245
1556058240	0.9987379895290942
1556058420	0.998621991950455
1556058600	0.9986114181496629
1556058780	0.9987901958751948
1556058960	0.9989106206991528
1556059140	0.998833383024233
1556059320	0.9986696690681093
1556059500	0.9988676126194924
1556059680	0.9988656704842265
1556059860	0.9988333271672896
1556060040	0.9987932580689298
1556060220	0.9989083547441663
1556060400	0.9987074040370212
1556060580	0.9987982612785886
1556060760	0.9988232043633536
1556060940	0.9988273790555898
1556061120	0.998746467233609
1556061300	0.9987342467821916
1556061480	0.9988516574091076
1556061660	0.9987314690599322
1556061840	0.9986949325815997
1556062020	0.9987374539574733
1556062200	0.9984741787769267
1556062380	0.9985625719608243
1556062560	0.9985038553289844
1556062740	0.9985489109592942
1556062920	0.998643794901274
1556063100	0.9985604144856162
1556063280	0.9986551648593901
1556063460	0.9985630457700262
1556063640	0.9984617376942062
1556063820	0.9984684442585124
1556064000	0.9984045510804009
1556064180	0.9983914863940532
1556064360	0.9985478599490484
1556064540	0.9984293802329828
1556064720	0.998485034803266
1556064900	0.998419032516602
1556065080	0.9983251927112441
1556065260	0.9984755705870314
1556065440	0.9982066190682813
1556065620	0.9982995672154263
1556065800	0.9982729590401288
1556065980	0.9981626848983542
1556066160	0.9983093866178192
1556066340	0.9984862016598478
1556066520	0.9985555779768827
1556066700	0.998554350202844
1556066880	0.9984689693285438
1556067060	0.9984326793487256
1556067240	0.9983410131068242
1556067420	0.9982681119827922
1556067600	0.9985177663871058
1556067780	0.9984052887479695
1556067960	0.998519338420344
1556068140	0.9986078577179344
1556068320	0.9985589655709612
1556068500	0.998574951864858
1556068680	0.9985128132563789
1556068860	0.9985779820968445
1556069040	0.998566601968299
1556069220	0.9983628577972377
1556069400	0.9985748403485781
1556069580	0.998474306032418
1556069760	0.9983193976084906
1556069940	0.9980435302930728
1556070120	0.9984530991722809
1556070300	0.9983897890844777
1556070480	0.998467478843926
1556070660	0.9986629815387345
1556070840	0.9985279889096126
1556071020	0.9985283327168036
1556071200	0.998541086005166
1556071380	0.9985170064444189
1556071560	0.9984139825039446
1556071740	0.9985102950909531
1556071920	0.9986060935455766
1556072100	0.998242839230396
1556072280	0.9984456477900598
1556072460	0.9984248033662318
1556072640	0.9984997585021589
1556072820	0.998474991370215
1556073000	0.99867197123473
1556073180	0.9984941219386388
1556073360	0.9986739889936619
1556073540	0.9985969072757842
1556073720	0.998617460363773
1556073900	0.9986008492071123
1556074080	0.9986695362120265
1556074260	0.9985309053401582
1556074440	0.9986592484539335
1556074620	0.9985012069514192
1556074800	0.9986565336741281
1556074980	0.9985980872851673
1556075160	0.9985634538320693
1556075340	0.9985402698235353
1556075520	0.9985893887509297
1556075700	0.9985183750128355
1556075880	0.9987284468906165
1556076060	0.9985660330672804
1556076240	0.9985994161849473
1556076420	0.9985666843217574
1556076600	0.9985784192258137
1556076780	0.9986835234799404
1556076960	0.9985522431770817
1556077140	0.9984336781023817
1556077320	0.9984424796016137
1556077500	0.9983943664098915
1556077680	0.9986005210164383
1556077860	0.9985070197853494
1556078040	0.998528983824853
1556078220	0.9986153716338775
1556078400	0.9984554380624115
1556078580	0.9983991377393925
1556078760	0.9983639554281621
1556078940	0.9984125809295517
1556079120	0.9982957096733339
1556079300	0.9981110911308895
1556079480	0.9981682051206737
1556079660	0.9982703938895677
1556079840	0.9982445355839814
1556080020	0.9983174640668758
1556080200	0.9982041099682147
1556080380	0.998241660681833
1556080560	0.9984010749493721
1556080740	0.9983942365524624
1556080920	0.9984257237463406
1556081100	0.9984312720596756
1556081280	0.9983850131294734
1556081460	0.9986447278560528
1556081640	0.9985235820566402
1556081820	0.9986028020725578
1556082000	0.9986223293921747
1556082180	0.9984851249214711
1556082360	0.9986555848931649
1556082540	0.9985995695204388
1556082720	0.9985227032658612
1556082900	0.9985770998719321
1556083080	0.9985610016985682
1556083260	0.9985366867674458
1556083440	0.9985916252222934
1556083620	0.9986231619719922
1556083800	0.998655508341852
1556083980	0.9987773605160167
1556084160	0.9986679840824032
1556084340	0.9986356074097293
1556084520	0.998663421814139
1556084700	0.9986564343099725
1556084880	0.9984838285408276
1556085060	0.998589579035721
1556085240	0.99856568078124
1556085420	0.9987009506941067
1556085600	0.998634671496362
1556085780	0.998665887338911
1556085960	0.9987769559794252
1556086140	0.9986362727762559
1556086320	0.9986666002087065
1556086500	0.9986453344332671
1556086680	0.9986941258712725
1556086860	0.9986498420284478
1556087040	0.9987008640135
1556087220	0.9986065552252971
1556087400	0.9983859560218906
1556087580	0.998629904320288
1556087760	0.9987169484853892
1556087940	0.9985789652168255
1556088120	0.9986515498571855
1556088300	0.9986090640609302
1556088480	0.998751080441039
1556088660	0.9986864274447415
1556088840	0.9986558478165342
1556089020	0.9987504524396174
1556089200	0.9987023943989081
1556089380	0.9987510641347548
1556089560	0.9986478778372412
1556089740	0.9987138433161925
1556089920	0.9986975350355458
1556090100	0.9986813371682376
1556090280	0.9984086674658831
1556090460	0.9985975445787774
1556090640	0.9987771169412475
1556090820	0.9987469375055489
1556091000	0.9987111529330336
1556091180	0.9986542179750106
1556091360	0.998461986523919
1556091540	0.9986938820448137
1556091720	0.9985844158232428
1556091900	0.9987261459854271
1556092080	0.998820349715443
1556092260	0.9988039433077989
1556092440	0.9986770396678517
1556092620	0.9986409674818029
1556092800	0.9987775475216611
1556092980	0.9987078069139229
1556093160	0.9987384835509873
1556093340	0.9987106703917134
1556093520	0.9986010986341897
1556093700	0.9987106797494096
1556093880	0.9985768217709516
1556094060	0.9983993253815144
1556094240	0.9984812836167012
1556094420	0.9986710849432895
1556094600	0.9985310503827677
1556094780	0.998614989135079
1556094960	0.9986097781276272
1556095140	0.9984751925033978
1556095320	0.9985435423469549
1556095500	0.9984584227508939
1556095680	0.9986483214116977
1556095860	0.9986312391485999
1556096040	0.998657283646121
1556096220	0.9988439389156812
1556096400	0.9987758559646825
1556096580	0.9987716404068101
1556096760	0.9987305025260171
1556096940	0.9986513203541284
1556097120	0.9986093648469021
1556097300	0.9986110746078111
1556097480	0.998555476685711
1556097660	0.9985733963230691
1556097840	0.9985746022604639
1556098020	0.9985833726108787
1556098200	0.9987063951464054
1556098380	0.9985954415482476
1556098560	0.9984923895467639
1556098740	0.9983149138953947
1556098920	0.9985183961305375
1556099100	0.9985966730022734
1556099280	0.9986386694640472
1556099460	0.9987020075335139
1556099640	0.9984404740584647
1556099820	0.9983212015958871
1556100000	0.9981645444671309
1556100180	0.9984470939536823
1556100360	0.9984903931343435
1556100540	0.9985075208023126
1556100720	0.9984527218852085
1556100900	0.9983830619538206
1556101080	0.9984980853985757
1556101260	0.9985971237903484
1556101440	0.998362997817198
1556101620	0.9984230664881915
1556101800	0.99846352771527
1556101980	0.9983889836533824
1556102160	0.9983203501897358
1556102340	0.9985596781816127
1556102520	0.998429199477602
1556102700	0.9983588440114296
1556102880	0.9987282389478762
1556103060	0.9985601938787966
1556103240	0.9985068130493654
1556103420	0.9986067907594668
1556103600	0.9985591248909288
1556103780	0.9985173571351595
1556103960	0.9985128440777714
1556104140	0.9983475660154906
1556104320	0.9984800134632132
1556104500	0.998367609690703
1556104680	0.9983386707731192
1556104860	0.9983674115947196
1556105040	0.998533722519761
1556105220	0.998376201610808
1556105400	0.9985532688510431
1556105580	0.998529283532119
1556105760	0.9985384136461636
1556105940	0.99859649675316
1556106120	0.9985349477470165
1556106300	0.9984696505318841
1556106480	0.9984162162265423
1556106660	0.998429504714452
1556106840	0.9984419239036617
1556107020	0.9984557216028718
1556107200	0.9984243095860766
1556107380	0.9984104305246105
1556107560	0.9983298496480693
1556107740	0.9984409826274591
1556107920	0.998462071098792
1556108100	0.9982970658792265
1556108280	0.9984560367022259
1556108460	0.9984406582406884
1556108640	0.9986298707096909
1556108820	0.9987682447202085
1556109000	0.9985893887646208
1556109180	0.9985347812323839
1556109360	0.998550438702418
1556109540	0.9986245954312926
1556109720	0.9986501687084374
1556109900	0.9984776064895017
1556110080	0.9983217204724063
1556110260	0.9985691134669837
1556110440	0.9984649747745263
1556110620	0.9986185101245876
1556110800	0.9985780082526025
1556110980	0.9985703844805153
1556111160	0.9984877009765278
1556111340	0.9984185806003892
1556111520	0.9984190717258629
1556111700	0.99853212902917
1556111880	0.9986042097132517
1556112060	0.9984905201137266
1556112240	0.9984802890151653
1556112420	0.9984763314586701
1556112600	0.9984748670623844
1556112780	0.9983996537203627
1556112960	0.9983367056777248
1556113140	0.9965671932919519
1556113320	0.9986733643470693
1556113500	0.9986467279595571
1556113680	0.9986000849556517
1556113860	0.998484064073007
1556114040	0.9984775378647803
1556114220	0.9984480735294767
1556114400	0.9984960841077566
1556114580	0.9986038613363583
1556114760	0.9986610468983464
1556114940	0.9985450732040191
1556115120	0.9985350476091963
1556115300	0.9985395746886992
1556115480	0.9986833805326699
1556115660	0.9984452128006743
1556115840	0.9982868933542102
1556116020	0.9982785417130017
1556116200	0.9983724088017386
1556116380	0.9983892823045355
1556116560	0.9983726361982521
1556116740	0.9984851116572456
1556116920	0.9986042159063904
1556117100	0.9985295549658557
1556117280	0.998548466710524
1556117460	0.99863079748135
1556117640	0.9985828845393475
1556117820	0.9986374222551205
1556118000	0.9986191347897933
1556118180	0.9984732300283122
1556118360	0.9985185498304112
1556118540	0.9985851141016673
1556118720	0.9985178358753865
1556118900	0.9986006274001423
1556119080	0.9986021748525016
1556119260	0.9985644046583566
1556119440	0.9986375629480775
1556119620	0.9986367083150496
1556119800	0.9986619668943628
1556119980	0.9985194015261208
1556120160	0.9985998466468923
1556120340	0.9986637804775341
1556120520	0.9987567673466807
1556120700	0.9987115232772368
1556120880	0.9987536032971713
1556121060	0.9988527237656687
1556121240	0.9987777347130552
1556121420	0.998889828353225
1556121600	0.9988203302630833
1556121780	0.9988441213013948
1556121960	0.9989461071089988
1556122140	0.998865720189241
1556122320	0.9987585542038125
1556122500	0.998910548202313
1556122680	0.9990007181086031
1556122860	0.9989493416931504
1556123040	0.999044768357735
1556123220	0.9988925694453668
1556123400	0.9990281700076754
1556123580	0.9990132675305473
1556123760	0.9990268562822606
1556123940	0.9989712437779265
1556124120	0.9989790252750199
1556124300	0.9990946986788883
1556124480	0.9990320228955488
1556124660	0.9990084697887409
1556124840	0.9990241349159356
1556125020	0.9988910364893581
1556125200	0.9989548166683985
1556125380	0.9990341085130894
1556125560	0.9989624144657692
1556125740	0.9989899160997714
1556125920	0.9989862838600766
1556126100	0.9990887114401513
1556126280	0.9991261977966703
1556126460	0.9990955028251427
1556126640	0.9991251856026976
1556126820	0.9990674576645269
1556127000	0.9989762072035602
1556127180	0.9990621272383324
1556127360	0.9989422767427181
1556127540	0.9989439836195853
1556127720	0.9990340783372851
1556127900	0.9991677462231189
1556128080	0.9990942310038224
1556128260	0.9990794659063842
1556128440	0.9991095987632885
1556128620	0.9990335349431789
1556128800	0.9990672518256531
1556128980	0.9990851633098143
1556129160	0.9990028459437954
1556129340	0.9990249786405535
1556129520	0.9991032421808512
1556129700	0.9991045173199312
1556129880	0.9991364281949594
1556130060	0.9990642846260281
1556130240	0.9990239105640927
1556130420	0.9989662473438033
1556130600	0.9989258765494956
1556130780	0.9990136475596139
1556130960	0.9990293280243215
1556131140	0.9990305963353561
1556131320	0.9989736459120491
1556131500	0.9989858305197071
1556131680	0.9990341458044956
1556131860	0.9990977849288555
1556132040	0.999115213054672
1556132220	0.9989992868108865
1556132400	0.9988256068258274
1556132580	0.9990462202975323
1556132760	0.9989701413898395
1556132940	0.9988717619363181
1556133120	0.9991111304085666
1556133300	0.998993632416044
1556133480	0.9991028418513046
1556133660	0.9991172613842103
1556133840	0.9989960959286113
1556134020	0.9990219366084173
1556134200	0.9989595266752708
1556134380	0.9990256773071827
1556134560	0.998929383996983
1556134740	0.9990576735821847
1556134920	0.9989961467332573
1556135100	0.9988338736767455
1556135280	0.9990402727359131
1556135460	0.998993177596141
1556135640	0.9989428891870406
1556135820	0.9987301515341483
1556136000	0.9986329147018334
1556136180	0.9989371714042876
1556136360	0.9987595261466103
1556136540	0.9989031658070988
1556136720	0.9989490830749829
1556136900	0.9989400929949878
1556137080	0.9989646005198686
1556137260	0.9988709975181155
1556137440	0.9990195449741505
1556137620	0.9989761928108553
1556137800	0.998747214517589
1556137980	0.9989811043461768
1556138160	0.9989316310343291
1556138340	0.9988601015774226
1556138520	0.9989787566838649
1556138700	0.9988778757899083
1556138880	0.9988527791534297
1556139060	0.9990013445139029
1556139240	0.9989287333332626
1556139420	0.9987151147957488
1556139600	0.9988112511219428
1556139780	0.9989424982714745
1556139960	0.998802379766761
1556140140	0.9989686610298846
1556140320	0.9990671109403543
1556140500	0.9990100418098677
1556140680	0.9988895119743058
1556140860	0.9989336434143244
1556141040	0.9988376206513251
1556141220	0.9989139846617953
1556141400	0.99886123112071
1556141580	0.9988282701060001
1556141760	0.9987311470552008
1556141940	0.9987462043497515
1556142120	0.9988769307257274
1556142300	0.9988940473637256
1556142480	0.9988955857510949
1556142660	0.99898257942889
1556142840	0.9988463106471991
1556143020	0.9988315580286684
1556143200	0.9986741786912497
1556143380	0.9988464263433807
1556143560	0.9987586730916682
1556143740	0.9987727665614166
1556143920	0.9987824246991431
1556144100	0.9988418987072157
1556144280	0.9988405567165473
1556144460	0.9987845750394994
1556144640	0.9988266576243084
1556144820	0.9985191920503994
1556145000	0.99871859058257
1556145180	0.9986910298000274
1556145360	0.9986612883225852
1556145540	0.9986598445383797
1556145720	0.9986181214599347
1556145900	0.9988115307274192
1556146080	0.9986710656085028
1556146260	0.9986328469114625
1556146440	0.9986293068927119
1556146620	0.9988151672567342
1556146800	0.9985717977497233
1556146980	0.9987388308816415
1556147160	0.9987841131477141
1556147340	0.9987037895943317
1556147520	0.9985064598136847
1556147700	0.9987027627218539
1556147880	0.9985638972503608
1556148060	0.9987141519851637
1556148240	0.998484720729525
1556148420	0.9986806637422869
1556148600	0.9984375523915199
1556148780	0.9982736150389167
1556148960	0.9985717268301496
1556149140	0.9986450705250636
1556149320	0.9985218950500361
1556149500	0.9986178596262789
1556149680	0.9984289418672351
1556149860	0.9981641327889117
1556150040	0.9985221302441847
1556150220	0.998517228798878
1556150400	0.9984164641209102
1556150580	0.998229933462653
1556150760	0.9982020823213826
1556150940	0.9982347893776262
1556151120	0.998262535443388
1556151300	0.9983587751559705
1556151480	0.9983039161209427
1556151660	0.998425456720687
1556151840	0.9984089181219187
1556152020	0.9980168365930903
1556152200	0.9982855659088825
1556152380	0.9983126634539345
1556152560	0.9982692709650496
1556152740	0.9983583236850558
1556152920	0.9983738357594458
1556153100	0.9981217988516596
1556153280	0.9983063251771456
1556153460	0.9981777691330963
1556153640	0.9982339579629952
1556153820	0.9984192391045956
1556154000	0.9983174732112006
1556154180	0.9984689078014856
1556154360	0.9983186890007648
1556154540	0.9982815523017122
1556154720	0.9982695168470538
1556154900	0.9984649440390059
1556155080	0.9984327491932292
1556155260	0.9985346313268892
1556155440	0.9983796357971645
1556155620	0.9983750384889559
1556155800	0.9982372057171073
1556155980	0.9983712357432891
1556156160	0.9985589586704622
1556156340	0.9984496958920955
1556156520	0.9983112300825067
1556156700	0.998281313339108
1556156880	0.9984291183848667
1556157060	0.9984433139922785
1556157240	0.9983810826165839
1556157420	0.9984334299224508
1556157600	0.9922326246255221
1556157780	0.9929508330577594
1556157960	0.9776539466895334
1556158140	0.9794832948625338
1556158320	0.9795016599388688
1556158500	0.9801729638242994
1556158680	0.9862848199204168
1556158860	0.9945116523142905
1556159040	0.9984359013483319
1556159220	0.9980745011595756
1556159400	0.9985050655726321
1556159580	0.9985388890396069
1556159760	0.9985027546531188
1556159940	0.9982928232035888
1556160120	0.9981149791044966
1556160300	0.9982917714872745
1556160480	0.9983188696286831
1556160660	0.9984235545008524
1556160840	0.9984442710807594
1556161020	0.9984508345832714
1556161200	0.998433866032274
1556161380	0.9984792449442882
1556161560	0.9985289313507022
1556161740	0.998486296556427
1556161920	0.9983704609246636
1556162100	0.9985295933489955
1556162280	0.9984417131980364
1556162460	0.998577780013306
1556162640	0.9985963817080694
1556162820	0.9986214242702273
1556163000	0.9985039151417838
1556163180	0.9983948328068194
1556163360	0.9983608256715127
1556163540	0.9982956788089544
1556163720	0.9983833912277558
1556163900	0.9984079794954197
1556164080	0.9985385329672541
1556164260	0.9983968955197703
1556164440	0.9983760126369555
1556164620	0.9982850998600225
1556164800	0.9984026927825903
1556164980	0.9982676836490356
1556165160	0.9983304408687673
1556165340	0.9983247565433186
1556165520	0.9982527784603248
1556165700	0.9982261496766147
1556165880	0.9980797999974858
1556166060	0.9982391172648447
1556166240	0.9981046967357077
1556166420	0.9980267209876172
1556166600	0.9981708010043423
1556166780	0.998223505689743
1556166960	0.9981186456757289
1556167140	0.9982807468290481
1556167320	0.9981284542919098
1556167500	0.9982166258132625
1556167680	0.998025945662505
1556167860	0.9981162935415687
1556168040	0.998243197021871
1556168220	0.9981560306064875
1556168400	0.9982978685114133
1556168580	0.9980811117579433
1556168760	0.9981369700491514
1556168940	0.9981779920078885
1556169120	0.9982077145895608
1556169300	0.9984043673721856
1556169480	0.9984845493918226
1556169660	0.9985022267880559
1556169840	0.9984234142889493
1556170020	0.9984888692736782
1556170200	0.9983327384404047
1556170380	0.9983357054122585
1556170560	0.9982483749683606
1556170740	0.9985714687192162
1556170920	0.9984607085356316
1556171100	0.9986536562142497
1556171280	0.9987185679455369
1556171460	0.9985252579251097
1556171640	0.9985496321524036
1556171820	0.9983143885827261
1556172000	0.9983807647367456
1556172180	0.9984658009327297
1556172360	0.9980868241938431
1556172540	0.9984295324056287
1556172720	0.9987055917561231
1556172900	0.9986033576451671
1556173080	0.9984626063275557
1556173260	0.9985513476436312
1556173440	0.9985153211176385
1556173620	0.998541650848931
1556173800	0.9987283873661672
1556173980	0.9986405370746807
1556174160	0.9986687327064184
1556174340	0.9986475752162861
1556174520	0.9985927368892072
1556174700	0.9987378022769037
1556174880	0.9986779051114443
1556175060	0.9987258588016603
1556175240	0.9987643643046767
1556175420	0.9986206180807856
1556175600	0.9987692013033841
1556175780	0.998780934652774
1556175960	0.9987191243925374
1556176140	0.9987309055771154
1556176320	0.9987247939755671
1556176500	0.9987744457896256
1556176680	0.9987079466725368
1556176860	0.9987811262691106
1556177040	0.9986858506583659
1556177220	0.9987388992600067
1556177400	0.9987371165126653
1556177580	0.998774211679859
1556177760	0.9985704818372119
1556177940	0.9985152228533984
1556178120	0.9986536075628637
1556178300	0.9987207947888782
1556178480	0.9987596690873382
1556178660	0.9987373429332688
1556178840	0.9985777805243838
1556179020	0.9987490705287828
1556179200	0.9986336047050798
1556179380	0.9987105749493863
1556179560	0.9986632296873725
1556179740	0.9986655896204242
1556179920	0.9985272880576893
1556180100	0.9984316754770343
1556180280	0.998517482887304
1556180460	0.9985224667184439
1556180640	0.9986716205909276
1556180820	0.9986506946759707
1556181000	0.9977177561626567
1556181180	0.9984801457549035
1556181360	0.9987341652436544
1556181540	0.9987968112519555
1556181720	0.9987869433230295
1556181900	0.9987987171334479
1556182080	0.9986830733250907
1556182260	0.9985873624007048
1556182440	0.9986099594975052
1556182620	0.9984904720177584
1556182800	0.998720579547437
1556182980	0.998585992903514
1556183160	0.9987666357510812
1556183340	0.9986766466081112
1556183520	0.9985435329202798
1556183700	0.9985915496852191
1556183880	0.9985370617210176
1556184060	0.9984258102762724
1556184240	0.9985945608425089
1556184420	0.9986186800162059
1556184600	0.9985256806921206
1556184780	0.9986237119134755
1556184960	0.9986189854553362
1556185140	0.998671314530667
1556185320	0.9986436643886137
1556185500	0.9987144123830491
1556185680	0.9983734892469035
1556185860	0.9984199816524819
1556186040	0.9982748035152592
1556186220	0.9983378804421625
1556186400	0.9985301276733727
1556186580	0.9985209937247922
1556186760	0.9983958066915839
1556186940	0.9984507172461444
1556187120	0.9984830804924248
1556187300	0.9985169444035608
1556187480	0.9985004533847907
1556187660	0.9985207864141459
1556187840	0.9984358204313593
1556188020	0.9983106361445474
1556188200	0.998292379302312
1556188380	0.9984601723494454
1556188560	0.9984828949716955
1556188740	0.9983943771023852
1556188920	0.9985147666551071
1556189100	0.9985839414719261
1556189280	0.9985540381948018
1556189460	0.9986200724975919
1556189640	0.9985278710930872
1556189820	0.998499287093289
1556190000	0.9985448824668868
1556190180	0.9985241072747338
1556190360	0.9985373968794438
1556190540	0.99853571541334
1556190720	0.9983671622381127
1556190900	0.998339661054998
1556191080	0.9984754543074664
1556191260	0.9984605880980276
1556191440	0.9985066261784858
1556191620	0.9985045244669893
1556191800	0.9984933922051604
1556191980	0.9984484911600071
1556192160	0.9985941614091077
1556192340	0.9985818813724443
1556192520	0.9984648075423411
1556192700	0.9985613310752924
1556192880	0.9985433607597544
1556193060	0.9984405902541651
1556193240	0.9984196909563058
1556193420	0.9984217578031549
1556193600	0.9984337765235849
1556193780	0.9985945021961357
1556193960	0.9985898384182809
1556194140	0.998467510653309
1556194320	0.9984309920080756
1556194500	0.998386761436356
1556194680	0.998535513852391
1556194860	0.9985338855961822
1556195040	0.9984994724513875
1556195220	0.9985929742144064
1556195400	0.9985925900342698
1556195580	0.9985091283167583
1556195760	0.9985043104055561
1556195940	0.9984596942363178
1556196120	0.9983247038927539
1556196300	0.9983469941214075
1556196480	0.9984789266475013
1556196660	0.9984287004673734
1556196840	0.9983041312725803
1556197020	0.9981435999974706
1556197200	0.9984904160889676
1556197380	0.9984316702088619
1556197560	0.9984804367503993
1556197740	0.9985588821704832
1556197920	0.9985066253309335
1556198100	0.9984477887577332
1556198280	0.9984341073627057
1556198460	0.9985105507550608
1556198640	0.998426295954634
1556198820	0.9984252236598272
1556199000	0.9985152630122401
1556199180	0.9984675510414832
1556199360	0.9983202659577234
1556199540	0.9983920698189539
1556199720	0.9982144383347124
1556199900	0.9983301608418004
1556200080	0.9985953235078013
1556200260	0.9985659650055496
1556200440	0.998492687485553
1556200620	0.9985594363756148
1556200800	0.9984947937984351
1556200980	0.9984873821554623
1556201160	0.9986930933997455
1556201340	0.998514687500744
1556201520	0.9985111366154252
1556201700	0.998440275252344
1556201880	0.9985122368842317
1556202060	0.9984858592651196
1556202240	0.9984540944170935
1556202420	0.9984596271705289
1556202600	0.9984642243894387
1556202780	0.9985081364240391
1556202960	0.998502491830693
1556203140	0.9984429058124049
1556203320	0.9984246710039412
1556203500	0.9984287926117018
1556203680	0.9984405562134667
1556203860	0.9985898179434637
1556204040	0.9985978813796231
1556204220	0.9985161754855338
1556204400	0.9984857355214882
1556204580	0.9984838466203146
1556204760	0.9984220593707746
1556204940	0.9984420389879488
1556205120	0.9986123798177314
1556205300	0.9985781342583865
1556205480	0.9985819747961586
1556205660	0.9986094532304592
1556205840	0.9986174482250423
1556206020	0.9986741382757511
1556206200	0.9987011437008619
1556206380	0.9985501659391673
1556206560	0.9987171083483077
1556206740	0.9988295992785999
1556206920	0.9987875680292551
1556207100	0.9987994556237884
1556207280	0.998751083149823
1556207460	0.9988265004089419
1556207640	0.9988660529963488
1556207820	0.9988510176956302
1556208000	0.9986739308509011
1556208180	0.9987898825421089
1556208360	0.9987964729505446
1556208540	0.9988648789419341
1556208720	0.9988357731805039
1556208900	0.9988372626517372
1556209080	0.9989569178857217
1556209260	0.9990306282419116
1556209440	0.9989258387297082
1556209620	0.9990291347096371
1556209800	0.9989976534680006
1556209980	0.9989046398960558
1556210160	0.9989640370994557
1556210340	0.9990121752299717
1556210520	0.9989395832313445
1556210700	0.9988972191325987
1556210880	0.9988643714545714
1556211060	0.9989276179968429
1556211240	0.9989893346849991
1556211420	0.9989937023647419
1556211600	0.9989867062736513
1556211780	0.9990038637110661
1556211960	0.9989437767418129
1556212140	0.9989770585193614
1556212320	0.9990348361312682
1556212500	0.9990684204712529
1556212680	0.9990241405219535
1556212860	0.9990244359789919
1556213040	0.9989532903766669
1556213220	0.9988859155069484
1556213400	0.9989392182069099
1556213580	0.9989291694232562
1556213760	0.9990200524925983
1556213940	0.9989682189080609
1556214120	0.9989335925186322
1556214300	0.9990930680816392
1556214480	0.9990742494170778
1556214660	0.9990831626587305
1556214840	0.9990936534556822
1556215020	0.9989870039409847
1556215200	0.9990734536922642
1556215380	0.999081746925085
1556215560	0.9986592624053657
1556215740	0.9987353823197925
1556215920	0.99881257264328
1556216100	0.9988525074705502
1556216280	0.9989843246674742
1556216460	0.9991022137775906
1556216640	0.9990643020595934
1556216820	0.9990975076430929
1556217000	0.9991081346844027
1556217180	0.9990515134036263
1556217360	0.9991149947942534
1556217540	0.9989073637522482
1556217720	0.9990724888032281
1556217900	0.9990084615969221
1556218080	0.9990582313709543
1556218260	0.9991053761675737
1556218440	0.998663218954952
1556218620	0.9987915278224122
1556218800	0.9984888165672343
1556218980	0.9989837794362401
1556219160	0.9990457917254776
1556219340	0.9990474783051321
1556219520	0.9989813468791205
1556219700	0.999044453782717
1556219880	0.9990196227086972
1556220060	0.9989625477959266
1556220240	0.9988978253745355
1556220420	0.9989188084820535
1556220600	0.9989457919311716
1556220780	0.9989383303448798
1556220960	0.9990351387595761
1556221140	0.999006347912508
1556221320	0.9988839412496114
1556221500	0.9989982590493942
1556221680	0.9988874731049512
1556221860	0.999019500065839
1556222040	0.9990059447027325
1556222220	0.9990809144222474
1556222400	0.9987590566160174
1556222580	0.9990141495910579
1556222760	0.9989561622658698
1556222940	0.9989686181745553
1556223120	0.9989698906155218
1556223300	0.9990547887478806
1556223480	0.9990076921181963
1556223660	0.9988500549270906
1556223840	0.9987994296453208
1556224020	0.9989871285048014
1556224200	0.9990085068335811
1556224380	0.9990443648152526
1556224560	0.9989774312302906
1556224740	0.9989934098830322
1556224920	0.9988818233977538
1556225100	0.9989371022514658
1556225280	0.9988654520973642
1556225460	0.9987563950938532
1556225640	0.9987535062516768
1556225820	0.9987894997182772
1556226000	0.998747428016133
1556226180	0.9987970757900364
1556226360	0.9989067671843906
1556226540	0.9989379232505643
1556226720	0.9989070764114839
1556226900	0.998683729362184
1556227080	0.9987879024456645
1556227260	0.9988075970565696
1556227440	0.99872422306676
1556227620	0.998795914486092
1556227800	0.9988607567072435
1556227980	0.9989605238959565
1556228160	0.9988489977132415
1556228340	0.9987851244392659
1556228520	0.998773924834875
1556228700	0.9987286181886785
1556228880	0.9988566043182184
1556229060	0.9988108915569472
1556229240	0.9987968052684629
1556229420	0.998732033108989
1556229600	0.9987850274173601
1556229780	0.9983451051379381
1556229960	0.9982655839811921
1556230140	0.9986734377947095
1556230320	0.9987417024024625
1556230500	0.9987165935155073
1556230680	0.998533696011682
1556230860	0.9985084334875429
1556231040	0.9988938453264563
1556231220	0.9988537304639774
1556231400	0.9986775390928432
1556231580	0.998671788131165
1556231760	0.9987952818911293
1556231940	0.9987759520261559
1556232120	0.9987019851953891
1556232300	0.9987747206757714
1556232480	0.9987079758951414
1556232660	0.9987473524909715
1556232840	0.998787966581131
1556233020	0.9988732013528505
1556233200	0.9987804826923674
1556233380	0.9987669046406256
1556233560	0.9986993955018921
1556233740	0.9987509409934142
1556233920	0.9986286180527524
1556234100	0.9987795573247827
1556234280	0.998699351111817
1556234460	0.9986324991390638
1556234640	0.9987066936705433
1556234820	0.9986323605173317
1556235000	0.998731507572089
1556235180	0.9986035343132703
1556235360	0.9983597799342342
1556235540	0.998757394500536
1556235720	0.9984239862884063
1556235900	0.9983435422229202
1556236080	0.9982905633227723
1556236260	0.9985089348288534
1556236440	0.9984078074970678
1556236620	0.9984866933772083
1556236800	0.9982284664473036
1556236980	0.9982984040258491
1556237160	0.9982809287147341
1556237340	0.998279428076261
1556237520	0.9983060904006504
1556237700	0.9983131583779277
1556237880	0.9982715665540636
1556238060	0.9983642502351171
1556238240	0.9984090822948315
1556238420	0.9982697291705842
1556238600	0.9985247846554963
1556238780	0.9983439616948845
1556238960	0.9985237845444225
1556239140	0.9984063073960419
1556239320	0.9985799407448797
1556239500	0.9986328100262617
1556239680	0.9984992448142207
1556239860	0.998360426225302
1556240040	0.998369092058343
1556240220	0.9985020938926968
1556240400	0.9983248739218882
1556240580	0.9982480153217597
1556240760	0.9983150962722367
1556240940	0.9983530924276698
1556241120	0.9982697263286276
1556241300	0.9985285028078974
1556241480	0.9985513104019274
1556241660	0.9985640056995957
1556241840	0.9985338961028347
1556242020	0.998379817915962
1556242200	0.9980213751360784
1556242380	0.9983518009482883
1556242560	0.9984440268073707
1556242740	0.9985143176942948
1556242920	0.9985086033904574
1556243100	0.9985944169414099
1556243280	0.9984597306161025
1556243460	0.9984760905388931
1556243640	0.9984299068019924
1556243820	0.9985866288227784
1556244000	0.9986334757999896
1556244180	0.9986395355387628
1556244360	0.9985432970338921
1556244540	0.9985613624998776
1556244720	0.9986418981019259
1556244900	0.9986772821375517
1556245080	0.998676912674777
1556245260	0.9986541881287776
1556245440	0.9985306892150426
1556245620	0.9985237497250748
1556245800	0.998589227446603
1556245980	0.998663419882497
1556246160	0.9987385806050753
1556246340	0.9987424942328429
1556246520	0.9987650292105785
1556246700	0.9987751666097813
1556246880	0.9988148385275062
1556247060	0.9985083961065254
1556247240	0.9986261015380256
1556247420	0.9985669699356292
1556247600	0.998705505111183
1556247780	0.9987806592026269
1556247960	0.9987365906642977
1556248140	0.9988750424654109
1556248320	0.9986278887873411
1556248500	0.9985625623979991
1556248680	0.9985410521641814
1556248860	0.998503372566237
1556249040	0.9986388866942366
1556249220	0.9987415712889698
1556249400	0.9985727862608921
1556249580	0.998501710262868
1556249760	0.9984649885343081
1556249940	0.9984104553446053
1556250120	0.9984404375304012
1556250300	0.9986787580790327
1556250480	0.9986739930464257
1556250660	0.9985741833087765
1556250840	0.9986075597918863
1556251020	0.9986460340958411
1556251200	0.9984739117558751
1556251380	0.998462675353514
1556251560	0.9983110876030346
1556251740	0.9982548396989684
1556251920	0.9984696683837924
1556252100	0.9984532868037311
1556252280	0.9984086055541932
1556252460	0.9982449080754442
1556252640	0.9982033765159553
1556252820	0.9981922272953045
1556253000	0.9982723882925431
1556253180	0.9983464264476541
1556253360	0.9983711253397229
1556253540	0.9985031744091059
1556253720	0.9983957537641901
1556253900	0.9982700017512712
1556254080	0.9984573566992561
1556254260	0.9984146062889998
1556254440	0.9981816380731492
1556254620	0.9981854099359909
1556254800	0.9983102019543919
1556254980	0.9986681180800435
1556255160	0.9986463572041936
1556255340	0.9986902048915638
1556255520	0.9986616265193056
1556255700	0.9985897196090511
1556255880	0.9986111147335164
1556256060	0.9984606620610691
1556256240	0.9984963385031733
1556256420	0.9984685726180815
1556256600	0.9987051484015463
1556256780	0.9988297114462553
1556256960	0.9986535558366314
1556257140	0.9986617748698111
1556257320	0.9987172671959793
1556257500	0.998649713523647
1556257680	0.9987062651885202
1556257860	0.9988840598315337
1556258040	0.9988868060711528
1556258220	0.9988425899602668
1556258400	0.9987713641992827
1556258580	0.9987365283433197
1556258760	0.9986830975055285
1556258940	0.9986300352305544
1556259120	0.9987158706967401
1556259300	0.998759152024462
1556259480	0.9986438195702738
1556259660	0.9985795753971642
1556259840	0.9986659246333712
1556260020	0.9985779619713426
1556260200	0.9987997520087247
1556260380	0.998837730692281
1556260560	0.9987233390434356
1556260740	0.9987138849845949
1556260920	0.9988106139592675
1556261100	0.9986570628035171
1556261280	0.9986669207633047
1556261460	0.9987342893192628
1556261640	0.9986734025102776
1556261820	0.9986514401315508
1556262000	0.9985131931599464
1556262180	0.9985292269160873
1556262360	0.998741388682134
1556262540	0.9984330886164039
1556262720	0.9986218291876998
1556262900	0.9984948740798748
1556263080	0.9986124086712617
1556263260	0.9985647649639228
1556263440	0.9985052637564946
1556263620	0.9986689571277475
