1554174360	10.235927311273722
1554174540	9.92585717123675
1554174720	9.598892565126773
1554174900	9.358554133554785
1554175080	9.546756803253551
1554175260	9.425217178868659
1554175440	9.55003978661549
1554175620	9.836603199258263
1554175800	10.12939793754507
1554175980	10.329193677431272
1554176160	10.441728196762226
1554176340	10.04239985604345
1554176520	8.577462169528008
1554176700	9.159976761282227
1554176880	8.775371429360943
1554177060	8.820021928101777
1554177240	9.011608606431542
1554177420	8.799734366528781
1554177600	9.106620199069745
1554177780	8.620523775496133
1554177960	8.751617310223756
1554178140	8.976040295711378
1554178320	9.0171411718641
1554178500	8.768802524322556
1554178680	8.760371643084067
1554178860	8.565099835395813
1554179040	8.305683138193908
1554179220	9.01102982700607
1554179400	8.70770013332367
1554179580	8.667938441406061
1554179760	8.833660897649365
1554179940	9.082759960959939
1554180120	8.566043520846018
1554180300	8.482901601143825
1554180480	8.460449011973393
1554180660	8.636525306105614
1554180840	8.56098727826719
1554181020	8.106779767088144
1554181200	8.27915556818606
1554181380	7.978397345968655
1554181560	7.883759219022024
1554181740	7.994824558496475
1554181920	7.86889750206912
1554182100	7.749621189775921
1554182280	7.688598849891145
1554182460	7.622019287980633
1554182640	7.890531058052936
1554182820	7.818715478588895
1554183000	7.56536987281981
1554183180	7.461855207696373
1554183360	7.525622092647317
1554183540	7.773467596666313
1554183720	7.7709362724932225
1554183900	7.632840854365651
1554184080	7.48722830672323
1554184260	7.575261235972981
1554184440	7.48294017518439
1554184620	7.0240638367335
1554184800	7.630551317116109
1554184980	7.480858717749759
1554185160	7.5354439701352804
1554185340	8.02048326223746
1554185520	7.649374381747356
1554185700	7.567263662096965
1554185880	7.719094681452556
1554186060	8.08801985670019
1554186240	7.972314289430293
1554186420	8.908863499581095
1554186600	9.03224875069246
1554186780	7.780781749142221
1554186960	8.427906354148703
1554187140	7.698604296360697
1554187320	8.055231841599069
1554187500	7.485679689617384
1554187680	7.573645596097156
1554187860	7.693316971383443
1554188040	7.5265460621161635
1554188220	7.7985520922107465
1554188400	7.351208584495337
1554188580	7.381579017782786
1554188760	6.959341866218231
1554188940	6.710784759176405
1554189120	7.151914788717097
1554189300	6.613825915705251
1554189480	6.629956663227999
1554189660	6.663284440586964
1554189840	6.677667499168051
1554190020	6.771174356341362
1554190200	6.837054391432067
1554190380	6.519670759611156
1554190560	6.092326632918829
1554190740	6.805064594232908
1554190920	6.596038286911917
1554191100	6.693447601863707
1554191280	7.029172782315297
1554191460	6.804693897068501
1554191640	7.380382897047435
1554191820	8.071397976761453
1554192000	8.71529488511138
1554192180	7.6441770151748765
1554192360	7.557979859825638
1554192540	7.464165048095687
1554192720	7.476579597363105
1554192900	6.850726326279666
1554193080	6.944673918668301
1554193260	6.873281381527582
1554193440	6.9372706399501665
1554193620	6.631072798082905
1554193800	6.34442374954621
1554193980	6.402969096849362
1554194160	6.724844562345081
1554194340	6.754798589564032
1554194520	6.739555819167031
1554194700	6.608333774074748
1554194880	6.793742111669137
1554195060	6.617835433928521
1554195240	6.314395745926433
1554195420	6.638200029648012
1554195600	6.505411476382743
1554195780	6.6971827333172165
1554195960	6.438260508080323
1554196140	6.524146744183132
1554196320	7.265083771684895
1554196500	7.072633006423712
1554196680	7.578559741874536
1554196860	7.440724995437559
1554197040	7.265818744249966
1554197220	6.976667499640485
1554197400	7.1443048653366805
1554197580	6.765348795105468
1554197760	7.136549138029417
1554197940	6.607410961762071
1554198120	6.650685434705681
1554198300	6.797003597186672
1554198480	6.840794335719612
1554198660	6.46039929456181
1554198840	6.491039042588738
1554199020	6.952644036710263
1554199200	6.78876321541739
1554199380	6.573992350546831
1554199560	6.729351205239584
1554199740	6.462711519582404
1554199920	6.590639498698843
1554200100	6.445384156290028
1554200280	6.500026356677214
1554200460	6.241209917418335
1554200640	6.3986534142232205
1554200820	6.7287011210289265
1554201000	6.24055189786704
1554201180	6.492409286957778
1554201360	6.649719493422244
1554201540	6.3868008353904395
1554201720	6.713444809615612
1554201900	6.365081209320944
1554202080	6.435833500987954
1554202260	6.214672100986098
1554202440	6.570422854760419
1554202620	6.71811677646506
1554202800	6.627608445073877
1554202980	6.462700130333277
1554203160	6.722160335712963
1554203340	6.199995022672026
1554203520	6.574612552507056
1554203700	6.6251497974896685
1554203880	6.151302750713082
1554204060	6.6935042810908865
1554204240	6.5221088630157515
1554204420	6.715558553014391
1554204600	6.698139961688749
1554204780	6.472119230416514
1554204960	6.987209242830674
1554205140	6.291315369384021
1554205320	6.544681032258336
1554205500	6.737181913307918
1554205680	6.397086259689224
1554205860	6.72949702467056
1554206040	6.4389816396376665
1554206220	6.864855490948843
1554206400	6.676623521967137
1554206580	6.5155095435837485
1554206760	6.602911637940754
1554206940	6.313778213923797
1554207120	6.538018311138707
1554207300	6.311901553049683
1554207480	6.688443948717221
1554207660	6.941458010247776
1554207840	7.411186045296089
1554208020	6.942148214947152
1554208200	6.998739487586581
1554208380	7.1185812003606435
1554208560	7.139863552135783
1554208740	7.213155063384391
1554208920	7.034293431443038
1554209100	7.152215289805706
1554209280	6.940184115543961
1554209460	7.1700012149787185
1554209640	7.545916984944294
1554209820	7.750890160544535
1554210000	7.12452454288903
1554210180	6.674523255299954
1554210360	6.95934842121188
1554210540	6.86957696142296
1554210720	6.847902780816871
1554210900	7.095276441968356
1554211080	6.824689703442717
1554211260	7.073867715895176
1554211440	6.805361930591364
1554211620	6.799405909010342
1554211800	6.377815178472479
1554211980	7.047613887216455
1554212160	7.177920316238152
1554212340	7.264983374905842
1554212520	7.310579139847778
1554212700	7.086487180771345
1554212880	7.317654776446362
1554213060	6.801632466734549
1554213240	7.631262332712319
1554213420	7.359387426545807
1554213600	7.188246433258705
1554213780	7.342736079674406
1554213960	7.115252618475453
1554214140	7.160696959793568
1554214320	7.0906417770582495
1554214500	7.246275564203564
1554214680	7.058279741363427
1554214860	7.3367145086856596
1554215040	7.463383853656821
1554215220	7.2725087728883535
1554215400	8.031383351810897
1554215580	7.473434241232919
1554215760	7.395761789008975
1554215940	7.40509977293642
1554216120	7.449787270546574
1554216300	7.245947621452312
1554216480	7.568605066787812
1554216660	7.293694708688357
1554216840	7.488710493540641
1554217020	7.297956405225254
1554217200	7.460068455522823
1554217380	7.434589712736533
1554217560	7.277853181161503
1554217740	6.872951339894817
1554217920	7.542820908988897
1554218100	7.198262604423846
1554218280	7.196443246202726
1554218460	7.407413613089581
1554218640	7.273632808701023
1554218820	7.437887669106325
1554219000	7.18276302923554
1554219180	7.231010193768002
1554219360	7.462845882420899
1554219540	7.437487396902295
1554219720	7.034684219892989
1554219900	7.240490260347724
1554220080	7.51931253974278
1554220260	6.949845556444243
1554220440	6.978402797058225
1554220620	7.065272451466636
1554220800	6.7749424880626155
1554220980	7.030053509175778
1554221160	7.41098849603323
1554221340	7.604830620061491
1554221520	7.261345350192588
1554221700	7.005713689388061
1554221880	6.99907133902641
1554222060	7.514441371045035
1554222240	7.373079637495371
1554222420	7.038017362663426
1554222600	7.370539315520449
1554222780	7.175232064392832
1554222960	7.275417232450018
1554223140	7.113916927907202
1554223320	7.297961320161171
1554223500	7.083019525713318
1554223680	7.445850375425684
1554223860	7.424686383860915
1554224040	7.017127803885019
1554224220	7.123659898467521
1554224400	7.288270531001912
1554224580	7.032899096287707
1554224760	6.992066159007255
1554224940	7.2079331798721915
1554225120	6.74474574986257
1554225300	7.256566917604727
1554225480	7.314986241526074
1554225660	7.222121775068424
1554225840	7.445221225147719
1554226020	7.495706889049514
1554226200	7.458856618031859
1554226380	7.107172407452827
1554226560	7.356361170473335
1554226740	7.502773185188953
1554226920	7.32495889912049
1554227100	7.183850198735794
1554227280	7.293541721262774
1554227460	7.440953265589017
1554227640	6.8898608346333665
1554227820	7.105648336062829
1554228000	7.373056215544541
1554228180	7.26188310475813
1554228360	7.188753929817015
1554228540	7.2195059800377255
1554228720	7.125412090784973
1554228900	6.956204745835728
1554229080	7.2058335413535435
1554229260	7.011383626933979
1554229440	7.26959318369627
1554229620	6.850842000212935
1554229800	6.831317799538374
1554229980	7.0898695547547605
1554230160	7.145277090205086
1554230340	7.00124462172389
1554230520	7.272359628064764
1554230700	6.716746725804276
1554230880	6.922034334308571
1554231060	7.1757280247906845
1554231240	6.978249040742715
1554231420	7.144321585032675
1554231600	6.858340454101563
1554231780	6.563303984536065
1554231960	7.003714136695594
1554232140	6.679506179690361
1554232320	7.030744681010644
1554232500	6.892543268948794
1554232680	6.928718516147799
1554232860	6.651196653644244
1554233040	6.884174351808098
1554233220	6.916723177002536
1554233400	6.887931738876635
1554233580	7.036057585063908
1554233760	6.670476388600138
1554233940	6.781097304075956
1554234120	7.149602557304832
1554234300	6.977527639932102
1554234480	6.832448036901736
1554234660	7.0245783469743195
1554234840	6.611305732693937
1554235020	6.735110569579733
1554235200	7.134463004188405
1554235380	7.498790987840529
1554235560	8.233764963183138
1554235740	7.913390071193377
1554235920	7.808550390601158
1554236100	7.123897703819805
1554236280	7.558790022962623
1554236460	7.523460643655724
1554236640	7.377998313638899
1554236820	7.317849899000592
1554237000	7.291246082302597
1554237180	7.24308941885829
1554237360	7.303510586255126
1554237540	7.4130108394147305
1554237720	7.365206848167711
1554237900	7.177672805305984
1554238080	7.442455547716882
1554238260	7.249487747086419
1554238440	7.265587791966068
1554238620	7.015690856173143
1554238800	7.157035858515236
1554238980	7.334553051698074
1554239160	7.238691500231122
1554239340	7.3086294268959024
1554239520	7.145485641832432
1554239700	7.366299955050151
1554239880	7.231484920448727
1554240060	7.125796986288495
1554240240	7.296846280081405
1554240420	7.3527562880681625
1554240600	7.313866649733649
1554240780	7.527558181393013
1554240960	7.531142080409659
1554241140	7.198586201253865
1554241320	7.361817150645786
1554241500	7.4348867955307165
1554241680	7.4423716322415405
1554241860	7.172701907489035
1554242040	7.038096383876271
1554242220	7.379300923811065
1554242400	7.410507401741214
1554242580	7.377626336862644
1554242760	7.627278432912297
1554242940	7.3389732283850515
1554243120	7.29593769469288
1554243300	7.49578189154466
1554243480	7.882153979192178
1554243660	8.376397182544073
1554243840	9.215657260882985
1554244020	8.420578559570842
1554244200	8.139442084646888
1554244380	7.9032738602823684
1554244560	7.357975200149748
1554244740	7.87228974600633
1554244920	7.66631084283193
1554245100	7.631783660666811
1554245280	7.61324512221747
1554245460	7.302299760116471
1554245640	7.419578400502602
1554245820	7.5059529629018575
1554246000	8.095957024043866
1554246180	7.651813089847565
1554246360	7.543449088765515
1554246540	7.400626469651858
1554246720	7.240290719270706
1554246900	7.6026724923816
1554247080	7.697176396681202
1554247260	7.707873499227895
1554247440	7.709590225583977
1554247620	7.4989151130119955
1554247800	7.830526988208294
1554247980	7.650339085857073
1554248160	7.600806909137302
1554248340	7.698321589248048
1554248520	7.305425993932618
1554248700	7.132821017089817
1554248880	7.762713766346375
1554249060	7.697957183420658
1554249240	7.554529736273818
1554249420	7.615683034062386
1554249600	9.037442898419169
1554249780	8.282338953280187
1554249960	8.346091183937258
1554250140	8.226827721960015
1554250320	8.07807993458377
1554250500	7.988522599637508
1554250680	7.961515400349424
1554250860	7.760174234377013
1554251040	8.285588586495983
1554251220	8.583118033032497
1554251400	8.984461870541175
1554251580	9.279324751347303
1554251760	9.337455074240763
1554251940	10.29398552816775
1554252120	11.068444829351373
1554252300	11.948373586692837
1554252480	12.60550505104992
1554252660	11.57750392721759
1554252840	10.50521551494797
1554253020	9.805076543986797
1554253200	9.818247205350135
1554253380	9.58829636797309
1554253560	9.706045619895061
1554253740	9.533880803982417
1554253920	9.474670072562164
1554254100	10.226397486031056
1554254280	10.309357360170948
1554254460	9.510972866935006
1554254640	9.153929601526922
1554254820	10.144207698851824
1554255000	9.756760526779626
1554255180	9.071451053520043
1554255360	9.019036361759298
1554255540	9.16758040347033
1554255720	9.007778282132413
1554255900	8.927796212474952
1554256080	8.574557257857588
1554256260	8.56112845937411
1554256440	9.072776494754685
1554256620	8.667414278371467
1554256800	8.60371859545509
1554256980	8.789079642875327
1554257160	9.452032742483748
1554257340	9.130015926725335
1554257520	8.52527017591764
1554257700	9.15828711563541
1554257880	9.028995823892918
1554258060	9.8164287166463
1554258240	10.504323280105988
1554258420	10.06899226291312
1554258600	10.028781384639032
1554258780	9.993998097001828
1554258960	9.640929061174393
1554259140	9.526927688717842
1554259320	9.643206708878278
1554259500	8.876630881925424
1554259680	8.53548442023796
1554259860	8.906753375795152
1554260040	8.579960078082896
1554260220	8.653500779800945
1554260400	8.356933168493784
1554260580	8.996008815368016
1554260760	9.983896933495998
1554260940	10.11900294555372
1554261120	10.60991026022368
1554261300	11.276652237276236
1554261480	11.710247570125574
1554261660	12.586150096936358
1554261840	11.05915005720324
1554262020	10.68529811658793
1554262200	10.122803613129589
1554262380	9.723134875297546
1554262560	10.309892013834583
1554262740	9.587187379926116
1554262920	9.114568009641435
1554263100	9.043119898065925
1554263280	8.598874797312062
1554263460	8.7386132756869
1554263640	8.636808864358398
1554263820	8.335174040579133
1554264000	8.273589762548605
1554264180	8.266040856448504
1554264360	8.454027171764109
1554264540	8.435023439592785
1554264720	8.26216956567433
1554264900	8.304024133053455
1554265080	8.462820843772755
1554265260	8.159996635301246
1554265440	7.930839824593729
1554265620	7.4349804528794445
1554265800	7.90455458978171
1554265980	7.760685639911228
1554266160	7.762500858568883
1554266340	7.585073762718174
1554266520	7.586428916688716
1554266700	7.813935307084873
1554266880	7.636599246371579
1554267060	7.463628794835961
1554267240	7.749065351389024
1554267420	7.424748845807799
1554267600	8.0996021807685
1554267780	7.56347637959234
1554267960	7.412271775526576
1554268140	7.310502784714724
1554268320	7.1392615058569495
1554268500	7.641390133610706
1554268680	7.641421953671508
1554268860	7.7134266687176565
1554269040	8.006616405421688
1554269220	7.652129259608362
1554269400	8.013118354944131
1554269580	7.521702900293627
1554269760	7.912133788178255
1554269940	7.873194022559457
1554270120	7.62056254358082
1554270300	7.038247963103156
1554270480	7.59972016254197
1554270660	7.148713380760617
1554270840	7.341605569670597
1554271020	6.971526304444114
1554271200	7.355670509661766
1554271380	7.280966951290972
1554271560	6.703772083235283
1554271740	7.099609182526668
1554271920	7.187047019849221
1554272100	7.648715648022327
1554272280	7.90624013737492
1554272460	7.772683979983025
1554272640	8.25474171201279
1554272820	8.677226478802531
1554273000	8.41853824012227
1554273180	8.464568524228202
1554273360	8.323277803841565
1554273540	7.6614713707304265
1554273720	7.850161784134069
1554273900	7.773060746077034
1554274080	7.638159044327274
1554274260	7.739910528391272
1554274440	7.6714209429091875
1554274620	7.342621062426491
1554274800	7.171232630488693
1554274980	7.28632912558058
1554275160	7.163017840421462
1554275340	7.102760549303558
1554275520	7.410541211774475
1554275700	6.7086708918998115
1554275880	7.193540122440976
1554276060	7.152459469961596
1554276240	7.316097747858452
1554276420	7.13930460486723
1554276600	7.129457523236456
1554276780	7.079818669787568
1554276960	6.843055962042494
1554277140	6.9280799029655356
1554277320	6.931785423639748
1554277500	6.997160445775959
1554277680	7.005803976835829
1554277860	7.061198803094717
1554278040	6.979997476022089
1554278220	7.069673057314422
1554278400	6.9524475424653955
1554278580	6.937572909726037
1554278760	6.8310923261325
1554278940	6.877934713910023
1554279120	6.903188759563388
1554279300	6.651528007553323
1554279480	6.757535911932751
1554279660	6.604997135698795
1554279840	6.595152247862684
1554280020	6.758588667797006
1554280200	6.569702097028494
1554280380	6.657113435313754
1554280560	6.506892879390055
1554280740	6.6210219020644825
1554280920	6.328952920633358
1554281100	6.572953871973268
1554281280	6.7467531982686495
1554281460	6.8184745499229695
1554281640	7.128689572624453
1554281820	6.520054628256331
1554282000	6.8159728246960745
1554282180	6.9224110913800665
1554282360	6.756946330647105
1554282540	7.079509330348352
1554282720	6.878429812689622
1554282900	6.492800737204759
1554283080	6.752042032529911
1554283260	6.683705507332216
1554283440	6.523299862886523
1554283620	6.45434582502918
1554283800	6.9091482259657075
1554283980	6.782050600936336
1554284160	6.620147942254941
1554284340	6.522610901685601
1554284520	6.378702441332759
1554284700	6.469671986654572
1554284880	6.5591672822833065
1554285060	6.646327940871318
1554285240	6.538618692341778
1554285420	6.461271665328079
1554285600	6.465112641619312
1554285780	6.418127733137872
1554285960	6.446622794452641
1554286140	6.414583502461513
1554286320	6.359857373860445
1554286500	6.782026515073246
1554286680	6.481345530847708
1554286860	6.417386154765668
1554287040	6.5109415976853855
1554287220	6.555603072465805
1554287400	6.490372843129768
1554287580	6.522750121355057
1554287760	6.304336060125094
1554287940	6.114669115593036
1554288120	6.614290615381754
1554288300	6.498564330322875
1554288480	6.818072289559576
1554288660	6.387457354697916
1554288840	6.52282514149944
1554289020	6.408108053647953
1554289200	6.492572199762537
1554289380	6.206205724605492
1554289560	6.55723297248284
1554289740	6.710104024928549
1554289920	6.97086579269833
1554290100	6.686627251211177
1554290280	6.719755395673788
1554290460	6.9786542992243605
1554290640	6.757777978787604
1554290820	7.344259688468731
1554291000	7.478612975858979
1554291180	7.832428206834528
1554291360	7.577075402815264
1554291540	7.306324628740549
1554291720	6.875830263150542
1554291900	7.1131452089382545
1554292080	6.909044872058763
1554292260	7.14094325988203
1554292440	7.010927060699982
1554292620	6.873619361456191
1554292800	6.886325881439955
1554292980	7.038420473913783
1554293160	6.8933786260796355
1554293340	6.870273911434671
1554293520	7.218890470380966
1554293700	7.126320996052689
1554293880	6.980775299091493
1554294060	6.829687472550493
1554294240	6.983347576971237
1554294420	6.802531597303584
1554294600	7.498475406679415
1554294780	7.215638680725681
1554294960	6.909454688730866
1554295140	7.1642903703582155
1554295320	7.290314113840144
1554295500	6.943709985497072
1554295680	7.120969798625185
1554295860	7.176983816387213
1554296040	7.308522018806442
1554296220	7.195144602057079
1554296400	7.420912552813087
1554296580	7.605044057181007
1554296760	7.511141631364201
1554296940	7.449005059660115
1554297120	7.451760910050844
1554297300	7.575426645863515
1554297480	7.763461096873207
1554297660	7.73374638882696
1554297840	7.596481761368721
1554298020	7.948385429667666
1554298200	7.914473984670895
1554298380	8.781929128593013
1554298560	9.054247696195608
1554298740	8.560625424041696
1554298920	8.226329083801533
1554299100	7.968592372584216
1554299280	8.220866961048005
1554299460	8.138431189447335
1554299640	7.659192539523451
1554299820	8.179589372008078
1554300000	7.793952085814634
1554300180	7.918581552496276
1554300360	7.4600019544363025
1554300540	7.545342833998631
1554300720	7.50962476616814
1554300900	7.791904425805377
1554301080	7.523663293156359
1554301260	7.583145705649727
1554301440	7.384335918542074
1554301620	7.470450533955705
1554301800	7.778694810179791
1554301980	7.234084450848857
1554302160	7.035820653894916
1554302340	7.621009928748963
1554302520	7.813872915071745
1554302700	7.880777219785195
1554302880	7.62489815649477
1554303060	7.636583539985475
1554303240	7.389793402549845
1554303420	7.562288618361463
1554303600	7.627888843345527
1554303780	7.804164077296401
1554303960	7.789268264291334
1554304140	7.802596989631032
1554304320	8.006956004554576
1554304500	7.856534502954564
1554304680	7.752647209474269
1554304860	7.214396461696908
1554305040	7.409450719598681
1554305220	7.824290437816546
1554305400	7.575772186612139
1554305580	7.6708312121906665
1554305760	7.411795372376218
1554305940	7.318233370706439
1554306120	7.770576410563219
1554306300	7.373381824933348
1554306480	7.188016579087291
1554306660	7.293497492895298
1554306840	7.350408031624191
1554307020	7.213172501034063
1554307200	7.630684050593046
1554307380	7.345045177526371
1554307560	7.469553442769929
1554307740	7.209462443907415
1554307920	7.421232954158888
1554308100	7.625010327931414
1554308280	7.400744523232182
1554308460	7.656664701421624
1554308640	7.071946015600691
1554308820	7.370355028183536
1554309000	7.511509157717228
1554309180	7.641439472089757
1554309360	7.515496395207862
1554309540	7.625734232945574
1554309720	7.439799651503563
1554309900	7.614641457222975
1554310080	7.290363029046084
1554310260	7.286405771727795
1554310440	7.108268445600634
1554310620	7.4993194316048175
1554310800	7.78435130582044
1554310980	7.589343513051669
1554311160	7.4427510243687
1554311340	7.520583944800108
1554311520	7.319434894909782
1554311700	7.369451150945995
1554311880	7.419928292160506
1554312060	7.312614390810768
1554312240	7.640580195737512
1554312420	7.562663162046152
1554312600	8.057337439029801
1554312780	7.971297983390589
1554312960	8.642272867100393
1554313140	8.197090335745127
1554313320	7.789711467608025
1554313500	8.322759018167035
1554313680	8.001381445553276
1554313860	7.888936951351554
1554314040	7.8633601719534
1554314220	7.437723644077778
1554314400	7.564228266313836
1554314580	7.783681092353968
1554314760	7.6356132444318225
1554314940	7.600436085916084
1554315120	7.492630774971475
1554315300	7.376355453029923
1554315480	7.475455376309353
1554315660	7.275235349710068
1554315840	7.044205717742443
1554316020	7.202504667805301
1554316200	7.306674720015791
1554316380	7.085049592286021
1554316560	6.8045419638355575
1554316740	6.86380772292614
1554316920	6.955928957710664
1554317100	6.965293068313197
1554317280	7.297235840724574
1554317460	7.289633304377397
1554317640	7.419189855456352
1554317820	7.300292233543264
1554318000	7.302822408990727
1554318180	7.415043663233519
1554318360	6.909236630962955
1554318540	6.78581941028436
1554318720	7.062399213785653
1554318900	6.8952822137501215
1554319080	7.041483276916875
1554319260	6.952668717089627
1554319440	7.001280336744255
1554319620	6.877946700486872
1554319800	6.535245060755146
1554319980	6.6644521888759405
1554320160	6.945216191808383
1554320340	6.766771544598871
1554320520	6.807289258390665
1554320700	7.179632704787784
1554320880	7.3363416869561755
1554321060	6.919457010262542
1554321240	6.809970380117496
1554321420	6.878804402907243
1554321600	6.9382121960867895
1554321780	6.840158695148097
1554321960	7.237592691953263
1554322140	7.14424842927191
1554322320	7.1606015137263705
1554322500	6.975659772339794
1554322680	6.98092927262187
1554322860	7.335662953721153
1554323040	7.409815542151531
1554323220	7.003472015758356
1554323400	7.255752698897005
1554323580	7.396167719281382
1554323760	7.022502695157956
1554323940	7.064956688897663
1554324120	7.109247937550148
1554324300	6.92750524489416
1554324480	7.025998896691534
1554324660	6.931895790497462
1554324840	6.88591914276282
1554325020	7.154734220397606
1554325200	7.008382587300407
1554325380	7.19013005056315
1554325560	7.203469025619914
1554325740	7.406204125533502
1554325920	7.113814044164287
1554326100	7.116038272612625
1554326280	7.117351852026251
1554326460	6.884262118654119
1554326640	7.438629360248645
1554326820	7.03316967189312
1554327000	7.131679153049385
1554327180	7.228587756554286
1554327360	7.589375489039553
1554327540	7.237072908050484
1554327720	7.034615570720699
1554327900	7.297545534757416
1554328080	7.270771667277545
1554328260	7.502932689421707
1554328440	7.599029407484664
1554328620	7.5033684517774315
1554328800	7.626005475636986
1554328980	7.547644265651048
1554329160	7.471094570557276
1554329340	7.536945741746452
1554329520	7.264766003853745
1554329700	7.52022643238306
1554329880	7.798965690947242
1554330060	7.030307622667816
1554330240	7.738519258217679
1554330420	7.55499048092299
1554330600	7.827281747923957
1554330780	7.550774988863203
1554330960	7.494542964216736
1554331140	7.3275993646019035
1554331320	7.207533435440726
1554331500	7.22660521550311
1554331680	7.592784196552303
1554331860	7.301534480435981
1554332040	7.547715116540591
1554332220	7.506775128179126
1554332400	7.5407200091507995
1554332580	7.842318741149373
1554332760	7.464293311619096
1554332940	7.530205429676506
1554333120	7.732730560832554
1554333300	7.592381449457672
1554333480	7.379780102355612
1554333660	7.4997918882303765
1554333840	7.669728528045946
1554334020	7.421582546085119
1554334200	8.436955233911673
1554334380	7.846059445705679
1554334560	7.661118815011449
1554334740	8.28931813273165
1554334920	8.138535437815719
1554335100	7.633328512474731
1554335280	7.533222163326285
1554335460	7.742878880765703
1554335640	8.014128386312061
1554335820	8.612541093774464
1554336000	9.73893290915423
1554336180	9.084665015008714
1554336360	8.142205876111984
1554336540	8.316272539893786
1554336720	9.238092068541835
1554336900	9.883474598598221
1554337080	10.061044819248112
1554337260	10.058431566258271
1554337440	9.755245503038168
1554337620	9.421888894836108
1554337800	9.988786246875922
1554337980	9.2012569575674
1554338160	9.72933341740914
1554338340	9.539983833884145
1554338520	9.557186388638284
1554338700	9.132350724935531
1554338880	10.365805369079784
1554339060	10.56060091563397
1554339240	10.883379018906018
1554339420	10.983331758821949
1554339600	10.44689645561511
1554339780	10.507106081893047
1554339960	9.98217211262538
1554340140	10.229356660047076
1554340320	9.49001715968499
1554340500	9.443601969132821
1554340680	9.400956858891051
1554340860	9.18997132311483
1554341040	9.501667531745301
1554341220	9.0885152651204
1554341400	9.550000224630912
1554341580	9.487314826498428
1554341760	9.309339025119941
1554341940	9.52800154114763
1554342120	9.07904693369682
1554342300	9.29777638655115
1554342480	9.604868206430922
1554342660	9.490133634457985
1554342840	9.019730122862281
1554343020	9.014884415517251
1554343200	9.733700665417645
1554343380	9.725158838125376
1554343560	9.383145334846947
1554343740	9.140450003991525
1554343920	8.676950337075525
1554344100	7.964915874269273
1554344280	7.160935884300206
1554344460	7.20439350007327
1554344640	7.864622617488379
1554344820	8.69448740294446
1554345000	9.41351557423671
1554345180	9.905737886412275
1554345360	10.323450150754717
1554345540	11.221612195965353
1554345720	11.628891933543814
1554345900	10.201211091535894
1554346080	10.277761128413808
1554346260	9.84537563547492
1554346440	9.686665879076589
1554346620	9.353007922460744
1554346800	9.57423038598564
1554346980	8.945098374287287
1554347160	8.492395658086945
1554347340	8.93403459414021
1554347520	8.431935536613066
1554347700	8.987346405892268
1554347880	8.396285311779478
1554348060	8.896421151691014
1554348240	8.613209583116381
1554348420	8.33082988311847
1554348600	8.166362823380364
1554348780	8.606371101032902
1554348960	8.836116830176778
1554349140	8.95217557789551
1554349320	8.83167848702934
1554349500	9.85518613755703
1554349680	9.379902650448647
1554349860	9.545842849794361
1554350040	9.08041327248017
1554350220	8.980450255366472
1554350400	9.123558421711346
1554350580	9.288530549241436
1554350760	8.71138788693481
1554350940	8.538997627319173
1554351120	8.775122423584644
1554351300	8.540913679747172
1554351480	8.007630063609762
1554351660	8.247661280681143
1554351840	8.336881893955999
1554352020	8.025981280714907
1554352200	7.7176317444278135
1554352380	8.212925292305894
1554352560	7.9584799492627045
1554352740	8.057400109003419
1554352920	8.158399083796475
1554353100	8.105508831667375
1554353280	8.088454627702314
1554353460	8.310718177867834
1554353640	8.06877782733904
1554353820	8.074234211030934
1554354000	7.8558282387944365
1554354180	7.769037040789704
1554354360	7.604267993375011
1554354540	7.991471982100507
1554354720	7.559768858055274
1554354900	7.625833490539504
1554355080	7.72338955104351
1554355260	7.850918679052721
1554355440	7.652978896284881
1554355620	7.242946003046301
1554355800	8.436451865012174
1554355980	7.46935086324811
1554356160	7.395345612780916
1554356340	7.097956495521509
1554356520	7.311897569846723
1554356700	7.335611775824704
1554356880	7.373634674843956
1554357060	7.025514637325939
1554357240	7.19025369836612
1554357420	7.291401070259187
1554357600	7.0803672271339515
1554357780	7.116408083173964
1554357960	7.25339257954917
1554358140	7.568021642455929
1554358320	7.011857755882765
1554358500	7.039150045968984
1554358680	7.1637912553090315
1554358860	6.875268107832788
1554359040	7.446330903907833
1554359220	6.748654216851877
1554359400	7.085215847939253
1554359580	6.722155192556481
1554359760	7.20381739784728
1554359940	6.929168052890378
1554360120	7.079677776150081
1554360300	7.344616110426384
1554360480	7.225237580404307
1554360660	7.19612952488217
1554360840	6.758203926158475
1554361020	6.5998595310780015
1554361200	6.94983456040854
1554361380	6.628186858952679
1554361560	6.7889959761953875
1554361740	7.201542252917653
1554361920	6.932868804782629
1554362100	6.833201826846862
1554362280	6.741131557868077
1554362460	6.6620412310892405
1554362640	7.296591660959853
1554362820	7.042653444668521
1554363000	6.650601608434108
1554363180	6.951000810884263
1554363360	6.912696454835975
1554363540	6.878114945314666
1554363720	6.873317292203074
1554363900	7.078263286623981
1554364080	6.968381760186619
1554364260	6.784567437984131
1554364440	6.667303259929885
1554364620	6.617203943431377
1554364800	6.342729956822263
1554364980	6.79381480369162
1554365160	6.874009931316743
1554365340	6.582155516070705
1554365520	6.81590562076359
1554365700	6.4421964918253245
1554365880	7.064659628237402
1554366060	7.708939185407426
1554366240	8.133519234811212
1554366420	7.945718924204509
1554366600	7.529094807803631
1554366780	7.170942617778448
1554366960	7.558807931512922
1554367140	7.720391031192697
1554367320	7.310232874986372
1554367500	7.185180783832586
1554367680	7.065875549664658
1554367860	7.09329539462924
1554368040	6.822556939947864
1554368220	7.322890446092305
1554368400	6.843964035906222
1554368580	6.405968875355191
1554368760	7.077835426225767
1554368940	7.2216701321713215
1554369120	7.017919851031075
1554369300	6.891774262984594
1554369480	6.815831264901545
1554369660	6.692770711407903
1554369840	6.571041223112044
1554370020	6.334086720629231
1554370200	6.790389898088243
1554370380	6.416973473793931
1554370560	6.532205210773499
1554370740	6.364682605365912
1554370920	6.817955309566524
1554371100	6.601444389671087
1554371280	6.6417664222502975
1554371460	6.450577443905091
1554371640	6.763780344691542
1554371820	6.378380025907229
1554372000	7.020078753031069
1554372180	6.655550473086212
1554372360	6.18083779631036
1554372540	6.702251980702083
1554372720	6.530961213178105
1554372900	6.227658374705812
1554373080	6.339828063430411
1554373260	6.727885776178704
1554373440	7.283011217800419
1554373620	6.097627062894655
1554373800	6.47407305629357
1554373980	6.966762907058
1554374160	6.619367765774439
1554374340	6.753708156910571
1554374520	6.71810213557404
1554374700	6.327485474010746
1554374880	6.601143674904041
1554375060	6.374260309669706
1554375240	6.744235111076547
1554375420	6.04555114350197
1554375600	6.470534998002232
1554375780	6.609210826208194
1554375960	6.113448045154413
1554376140	6.001897017882075
1554376320	5.7569584008101575
1554376500	5.791396163484102
1554376680	6.0294429240127405
1554376860	5.609748109303256
1554377040	6.036892978598674
1554377220	6.334724047050184
1554377400	6.332998339847852
1554377580	6.231411687450277
1554377760	6.064148284061703
1554377940	5.7756050135526396
1554378120	5.889448059822923
1554378300	6.2268847642445015
1554378480	6.157078556478657
1554378660	6.207763443660477
1554378840	5.771911815041676
1554379020	6.659091703928588
1554379200	6.416110244972838
1554379380	6.336098008014654
1554379560	6.562086597313078
1554379740	6.496433414245417
1554379920	7.121607245030728
1554380100	7.159928668360665
1554380280	7.929001593807091
1554380460	7.340368991924657
1554380640	7.009654063400295
1554380820	8.651498221501868
1554381000	7.635046935329835
1554381180	7.603190616745016
1554381360	7.549543980949668
1554381540	7.315225726873665
1554381720	7.587729425336185
1554381900	7.314616653323173
1554382080	7.162076541079352
1554382260	7.525160079521518
1554382440	7.672865353600711
1554382620	7.826214651124818
1554382800	7.625043385114866
1554382980	7.234588399452647
1554383160	6.655026805747037
1554383340	7.2085486029088495
1554383520	7.603733212322645
1554383700	7.618947696806204
1554383880	7.853166719197586
1554384060	8.010407917907363
1554384240	7.601233177197476
1554384420	8.003384317311903
1554384600	7.367306209874876
1554384780	7.398824028670788
1554384960	7.392542532488202
1554385140	7.936805626237264
1554385320	7.622601231750177
1554385500	7.447944870560753
1554385680	7.345787099634226
1554385860	7.6780173004657595
1554386040	7.738122643942528
1554386220	6.96785323565396
1554386400	7.806328548661743
1554386580	7.814825273569553
1554386760	6.956920014085746
1554386940	7.64869531083812
1554387120	6.638997135455148
1554387300	7.197785608186608
1554387480	7.767546802198374
1554387660	7.43465494712658
1554387840	7.433310375522788
1554388020	7.179581447451745
1554388200	7.365540944332001
1554388380	7.574983484312599
1554388560	7.270795213445178
1554388740	7.827647147907151
1554388920	7.915996986612374
1554389100	7.213425216694864
1554389280	8.105767463978667
1554389460	7.430495274848625
1554389640	7.600831373649485
1554389820	7.447581096068024
1554390000	7.757913308011161
1554390180	7.853291227400882
1554390360	7.415763739052169
1554390540	7.700435022732853
1554390720	7.77520588092182
1554390900	7.503324442050037
1554391080	7.807444440796203
1554391260	7.864723860848658
1554391440	7.4695091386343915
1554391620	8.06741543787141
1554391800	8.260427917555436
1554391980	7.78534786105156
1554392160	7.2805234941009145
1554392340	7.960562491295289
1554392520	7.630314572591974
1554392700	7.63458327165584
1554392880	7.707062573745997
1554393060	7.463203344201925
1554393240	7.784570912745866
1554393420	7.941553812318792
1554393600	7.970134858689878
1554393780	7.911634803982452
1554393960	7.96042728915657
1554394140	7.428332704697785
1554394320	7.687786033358237
1554394500	7.675426890598793
1554394680	7.467755976113233
1554394860	7.374881892455251
1554395040	7.549793861651172
1554395220	7.766443121782008
1554395400	7.581233969201213
1554395580	8.016457651555537
1554395760	7.3898256774011415
1554395940	7.603342034157953
1554396120	7.563254554141709
1554396300	7.751543169142678
1554396480	7.570065899131198
1554396660	7.2994240613788675
1554396840	7.744696540163552
1554397020	7.871752865305266
1554397200	7.8319733302961
1554397380	7.241352922205503
1554397560	7.127274392058655
1554397740	7.700743843830123
1554397920	7.360403399835241
1554398100	7.506395646745396
1554398280	7.3958396314006105
1554398460	7.441025295485091
1554398640	7.389625561035548
1554398820	7.066208732925882
1554399000	7.116778181327714
1554399180	6.836827182344028
1554399360	7.454538729161985
1554399540	7.133246129459661
1554399720	7.019453915777386
1554399900	7.4011579576231865
1554400080	7.471576486543943
1554400260	6.983379827792286
1554400440	7.5174577227069275
1554400620	7.801163950449099
1554400800	7.410027287081703
1554400980	7.37970674832662
1554401160	7.81695490281333
1554401340	7.436264890305539
1554401520	7.329264849341578
1554401700	7.768474113400821
1554401880	7.617191761649317
1554402060	7.591467424174366
1554402240	7.759418679359887
1554402420	7.2058534814735475
1554402600	7.236995401564571
1554402780	7.355669358041552
1554402960	7.381980141003926
1554403140	7.729749458283186
1554403320	7.368491406350032
1554403500	7.41024433573087
1554403680	7.3838607251316635
1554403860	7.828274307772517
1554404040	7.613880559634627
1554404220	7.629164723886384
1554404400	7.485431402176618
1554404580	7.540152471512556
1554404760	7.542760381559757
1554404940	7.6483655428785955
1554405120	7.518228853551241
1554405300	7.382131750603299
1554405480	7.384190380573273
1554405660	7.217009431703223
1554405840	7.331591306544013
1554406020	7.397314066771004
1554406200	7.482868330594566
1554406380	7.558940105968052
1554406560	7.604905529734161
1554406740	7.464704407358562
1554406920	7.784774113777611
1554407100	7.597074519180589
1554407280	7.380454741749499
1554407460	7.5829891060175525
1554407640	7.883137354254723
1554407820	7.655715024305715
1554408000	7.162173597845766
1554408180	7.239941510144207
1554408360	7.392939457545678
1554408540	7.2564695838294675
1554408720	7.092161889953745
1554408900	7.130943566477961
1554409080	7.441780479809085
1554409260	7.133473895986875
1554409440	6.943313971327411
1554409620	7.358727633621958
1554409800	6.928524594505628
1554409980	7.409057496819231
1554410160	7.466904010330693
1554410340	7.596489976429277
1554410520	7.708040245125691
1554410700	7.321114871154228
1554410880	7.68129151529736
1554411060	7.117810661157409
1554411240	7.680026005374061
1554411420	7.093830757257011
1554411600	8.11927828548683
1554411780	7.883906222465965
1554411960	8.155568207717604
1554412140	8.252629086954727
1554412320	7.983137773349881
1554412500	7.74911794172866
1554412680	7.853425660729409
1554412860	7.503616465048657
1554413040	7.712803885176942
1554413220	7.702359350356791
1554413400	8.028387943820821
1554413580	7.92457697490851
1554413760	8.171293904963466
1554413940	7.788673998498254
1554414120	8.073886679940754
1554414300	7.790244492474529
1554414480	7.894186015261544
1554414660	7.95722524209155
1554414840	8.183907784024875
1554415020	8.524513857894474
1554415200	8.757489285452499
1554415380	8.197135671476524
1554415560	8.253087328788308
1554415740	8.183117086716582
1554415920	8.294221165661629
1554416100	8.026353368328678
1554416280	8.36969389357082
1554416460	8.262790336128738
1554416640	7.833487483859062
1554416820	7.891537346111404
1554417000	7.810592748721441
1554417180	7.990166680029269
1554417360	7.994383536196417
1554417540	8.616544569697645
1554417720	9.400176593826878
1554417900	10.129719316214324
1554418080	10.990447614969833
1554418260	11.261152185251316
1554418440	12.073854326125648
1554418620	10.273041940728824
1554418800	10.144031205773354
1554418980	9.554526523174195
1554419160	9.44578624624345
1554419340	9.068979711499479
1554419520	9.779962175256676
1554419700	9.841260862019327
1554419880	10.120405720091528
1554420060	11.548953197234207
1554420240	10.905096175604397
1554420420	9.875850258684821
1554420600	9.730020098797567
1554420780	9.555352334512605
1554420960	9.405653071569072
1554421140	9.35419214295817
1554421320	9.492542285223802
1554421500	8.683112339904675
1554421680	9.237631834712293
1554421860	9.122104478047953
1554422040	9.545129287822379
1554422220	9.135330653687317
1554422400	11.265712712870704
1554422580	11.042744672050079
1554422760	10.21764222027527
1554422940	10.163955726640092
1554423120	10.011432913469744
1554423300	10.20122565428416
1554423480	9.95552028648639
1554423660	9.552854705270793
1554423840	10.017235741847092
1554424020	9.660221946073904
1554424200	10.015334227929513
1554424380	9.718804787927203
1554424560	9.706101766973735
1554424740	9.83917822299732
1554424920	9.681844127161995
1554425100	9.174678175888035
1554425280	9.471505798896153
1554425460	9.720460224813886
1554425640	10.022592679659526
1554425820	11.35888473706113
1554426000	11.660751439382633
1554426180	11.121609433823162
1554426360	10.672957109908262
1554426540	10.90922230275141
1554426720	10.818454704268111
1554426900	9.88524923661908
1554427080	10.836771022693979
1554427260	11.175020013832384
1554427440	10.181678024130862
1554427620	9.698028859247763
1554427800	10.047423996768154
1554427980	10.52219093885723
1554428160	10.475651508155796
1554428340	10.286002573784854
1554428520	10.404261433652469
1554428700	9.881802525776235
1554428880	9.60878315228555
1554429060	9.578417702350352
1554429240	10.379695376339885
1554429420	9.79912457416455
1554429600	9.590286432859603
1554429780	10.497004695318557
1554429960	11.043438711109456
1554430140	12.094157732941293
1554430320	11.951169601233488
1554430500	12.660276775913578
1554430680	14.00979461373536
1554430860	13.236304291165792
1554431040	11.718700929166197
1554431220	12.08066888390989
1554431400	11.751049871106495
1554431580	11.628517351879013
1554431760	10.73471768465307
1554431940	10.379971560459216
1554432120	12.220025304958902
1554432300	10.8530020410114
1554432480	9.861597695532772
1554432660	9.830036167423804
1554432840	9.846198661625385
1554433020	10.15648106517999
1554433200	10.360088278822925
1554433380	10.103314334055879
1554433560	9.515043681221348
1554433740	9.999540677794846
1554433920	9.738034715255102
1554434100	10.405339744935434
1554434280	10.412429750366236
1554434460	11.794885146535105
1554434640	12.127494527006542
1554434820	11.433180862251255
1554435000	11.731536933117443
1554435180	11.436313702083297
1554435360	11.34287902381685
1554435540	10.457406667785513
1554435720	10.495186010103547
1554435900	10.973908768414141
1554436080	10.149192349778282
1554436260	10.480138497799635
1554436440	10.544894710762634
1554436620	10.711458895934953
1554436800	9.76561311362209
1554436980	9.20374381798837
1554437160	9.134160545137194
1554437340	9.535498254497845
1554437520	9.618127614937045
1554437700	9.060874217540347
1554437880	8.948053387495188
1554438060	8.742005921252396
1554438240	9.086591753611962
1554438420	9.171702238172292
1554438600	8.718281562757362
1554438780	8.91973806164511
1554438960	9.165470342917574
1554439140	8.809564166440722
1554439320	9.016412632642211
1554439500	8.980467174076631
1554439680	8.818065306378735
1554439860	8.555501659410995
1554440040	8.81420690975674
1554440220	8.45209009953671
1554440400	9.10971251246002
1554440580	8.499925473807277
1554440760	8.872446411504196
1554440940	8.956848775235455
1554441120	8.824784013532824
1554441300	8.489908704210235
1554441480	8.433978383226886
1554441660	8.269875776472983
1554441840	8.656439269964512
1554442020	8.729155668681795
1554442200	8.250101440391697
1554442380	8.558716912236479
1554442560	8.353182525235288
1554442740	8.313376380928926
1554442920	8.180442783942349
1554443100	8.47751219001829
1554443280	8.394456466173995
1554443460	8.494759422443483
1554443640	8.544646269384216
1554443820	8.05169221005686
1554444000	8.31612861375122
1554444180	7.9451200780557825
1554444360	8.251654960951962
1554444540	7.604415062501609
1554444720	8.276201435860168
1554444900	7.888679409420098
1554445080	8.216806252446512
1554445260	8.365276270546019
1554445440	7.996003644459921
1554445620	8.036820330286538
1554445800	7.879261854883968
1554445980	8.21240332244855
1554446160	8.148680115523545
1554446340	8.15230913056021
1554446520	8.071961811847157
1554446700	7.979023082447903
1554446880	8.677142768045483
1554447060	8.203590763957946
1554447240	8.19363258779049
1554447420	8.586068720470385
1554447600	8.011679554738665
1554447780	8.084273444449014
1554447960	7.618374080747686
1554448140	7.779350525283433
1554448320	8.190128342919452
1554448500	8.02340448475801
1554448680	8.46569828097911
1554448860	7.965675902863343
1554449040	8.01012006305879
1554449220	7.728802227765642
1554449400	8.104229861105743
1554449580	7.528337892699749
1554449760	7.728238792917163
1554449940	7.9075712546085315
1554450120	7.762196832126187
1554450300	8.585510064969244
1554450480	8.458301864564419
1554450660	8.116071001012275
1554450840	7.932219038872669
1554451020	7.990635136219983
1554451200	7.631891471644242
1554451380	8.520653580574646
1554451560	8.272102704879485
1554451740	7.895622271852395
1554451920	8.003569416259184
1554452100	8.115619566332509
1554452280	7.731593303796318
1554452460	7.348798664907615
1554452640	8.039106610957738
1554452820	7.687129935560127
1554453000	7.620676750010187
1554453180	7.215483181502508
1554453360	7.599856430862812
1554453540	7.2956329667440025
1554453720	7.5794723757097255
1554453900	7.332902639172971
1554454080	7.709036633980517
1554454260	7.802933815749068
1554454440	7.719639699828501
1554454620	7.812440256683194
1554454800	7.799135926765265
1554454980	7.5452938482949605
1554455160	7.601607338090738
1554455340	7.72707682972153
1554455520	7.628224440332916
1554455700	7.658056531515387
1554455880	7.650852776484357
1554456060	7.764373008281954
1554456240	7.459742041346099
1554456420	7.288743193251091
1554456600	7.438931272522117
1554456780	7.2515883691123
1554456960	7.438444709221085
1554457140	7.387361885110537
1554457320	7.405815327912569
1554457500	7.565920685620411
1554457680	7.4085812617789255
1554457860	7.06524103604581
1554458040	7.304162122309208
1554458220	7.4736814845230555
1554458400	7.166067992539509
1554458580	7.281523831188679
1554458760	7.425255992460525
1554458940	7.702665453155835
1554459120	7.499652630639703
1554459300	7.541201475475516
1554459480	7.233196829195305
1554459660	7.238650277415489
1554459840	7.277774304482672
1554460020	7.1056028344965245
1554460200	7.443148435601457
1554460380	7.527038378784289
1554460560	8.036359417422485
1554460740	8.177994829747412
1554460920	8.051881969728496
1554461100	7.764616625977086
1554461280	8.139372590680917
1554461460	8.184445725330574
1554461640	7.877036140792155
1554461820	7.641023218383392
1554462000	7.709744534787091
1554462180	7.752072027689496
1554462360	7.672225845770703
1554462540	7.356019722890448
1554462720	7.3907925307920035
1554462900	7.679796802158329
1554463080	7.927912591480546
1554463260	7.644131409197018
1554463440	7.597453751898074
1554463620	7.8896664159222585
1554463800	8.173737776176683
1554463980	8.840572180875231
1554464160	8.837579994738757
1554464340	8.362015247262187
1554464520	8.154570546424525
1554464700	8.248643432344709
1554464880	8.049465361682849
1554465060	8.3239973594745
1554465240	8.36121313307773
1554465420	7.840082046800647
1554465600	8.019087718699568
1554465780	8.231232021749019
1554465960	8.226537116120259
1554466140	7.818826011215386
1554466320	7.946107345427338
1554466500	8.232123304554756
1554466680	7.528119087382987
1554466860	7.4538225541403005
1554467040	7.350127090844843
1554467220	8.114020631972993
1554467400	7.6174536044343135
1554467580	7.83080738633871
1554467760	7.944166829978878
1554467940	8.086321978951277
1554468120	7.9562817339550005
1554468300	8.066735591159926
1554468480	8.105751271337963
1554468660	8.082713035659658
1554468840	8.08932576747088
1554469020	8.54696537233809
1554469200	8.515111300284447
1554469380	8.404055713351523
1554469560	8.355621367030674
1554469740	8.33164252764122
1554469920	8.12832350570422
1554470100	8.01336687218438
1554470280	8.421743946252288
1554470460	8.472069727276502
1554470640	8.483215949698991
1554470820	8.465900200543944
1554471000	8.839918400211769
1554471180	8.860581235940924
1554471360	8.658916578000905
1554471540	9.200144165076992
1554471720	8.752504339551225
1554471900	9.103380260523409
1554472080	8.147682845514888
1554472260	8.277356174162456
1554472440	8.597441331340987
1554472620	8.75564874211947
1554472800	8.901374367928064
1554472980	9.238322609446497
1554473160	8.40921823484333
1554473340	7.346661405776864
1554473520	7.915884689344623
1554473700	8.245871630248924
1554473880	8.499775906093419
1554474060	8.495831510440988
1554474240	8.310453687704378
1554474420	8.406509650380988
1554474600	8.822294482981766
1554474780	8.358857065034302
1554474960	8.082690693594907
1554475140	8.518276622252804
1554475320	8.65939378186262
1554475500	8.884911546329839
1554475680	8.607215354675954
1554475860	8.652614161707797
1554476040	8.592856095144242
1554476220	7.840985275211588
1554476400	7.961232962056261
1554476580	7.693349454736356
1554476760	8.596186661438361
1554476940	7.91995776810667
1554477120	8.433509762951378
1554477300	8.451032691299915
1554477480	8.75698303399158
1554477660	9.045898921920784
1554477840	8.740960586054081
1554478020	8.47363786942636
1554478200	8.545945273852476
1554478380	8.621012601777911
1554478560	8.77422961767982
1554478740	8.525120410702977
1554478920	8.173376577370094
1554479100	8.69475805618261
1554479280	8.147453564032912
1554479460	8.543311872566589
1554479640	7.7072255639176745
1554479820	8.161807037657127
1554480000	8.208466383814812
1554480180	8.098165024033527
1554480360	8.542849424803995
1554480540	8.412649252630295
1554480720	8.396372481607473
1554480900	8.0834660436382
1554481080	7.729860614524799
1554481260	7.992827886343003
1554481440	7.8356156306168465
1554481620	8.05386465396156
1554481800	7.952430063251699
1554481980	8.19081302600292
1554482160	7.795224100027395
1554482340	8.484022650990513
1554482520	8.410868692509037
1554482700	8.439671066018843
1554482880	8.655270102255521
1554483060	8.534259108887923
1554483240	8.245432142448681
1554483420	8.406094869168905
1554483600	8.51231349589811
1554483780	8.473240244372558
1554483960	8.502448239233544
1554484140	8.526664047837258
1554484320	8.028118562277244
1554484500	7.970847896518225
1554484680	8.680971850195657
1554484860	8.411972203990445
1554485040	8.306491372676996
1554485220	7.840445651722852
1554485400	8.185192529678993
1554485580	8.388819858823952
1554485760	8.529406531662731
1554485940	8.248513501658234
1554486120	8.089128338553932
1554486300	8.003886771091121
1554486480	7.756723509824022
1554486660	8.213353466692862
1554486840	8.63153099473361
1554487020	8.03778586488055
1554487200	8.656491818692949
1554487380	8.31391914367028
1554487560	8.634568548490924
1554487740	8.319133496546483
1554487920	8.482266442769248
1554488100	8.04754411753105
1554488280	8.001155509234785
1554488460	8.123813148301382
1554488640	8.090134707509831
1554488820	7.7399997140516295
1554489000	8.213403308060434
1554489180	8.264833099888952
1554489360	7.8975323544734195
1554489540	8.226268532824642
1554489720	7.579609103910216
1554489900	8.220300799478656
1554490080	8.008423045113846
1554490260	7.533490763273504
1554490440	8.096741934286223
1554490620	7.707507381091515
1554490800	8.117070023053222
1554490980	7.613790674010913
1554491160	7.866099426978164
1554491340	8.303745609153523
1554491520	7.603918757166836
1554491700	8.164896007258813
1554491880	7.991487842257861
1554492060	7.830920696258545
1554492240	8.17560043742696
1554492420	7.965481393867069
1554492600	8.364975100302178
1554492780	8.523695494896836
1554492960	9.894991617526982
1554493140	8.933067211177613
1554493320	8.700817074792253
1554493500	8.680112617628442
1554493680	8.916050183276335
1554493860	8.3626974509822
1554494040	8.260880471749621
1554494220	8.728851502388716
1554494400	8.427469361407889
1554494580	8.179762953850958
1554494760	8.010198877981075
1554494940	8.852912454457766
1554495120	8.654189982513588
1554495300	8.195170128313096
1554495480	8.785088266763422
1554495660	8.352879495422046
1554495840	9.078225458496147
1554496020	10.229940191076862
1554496200	11.17546957731247
1554496380	11.791344111495548
1554496560	11.086715576714939
1554496740	10.173990974906419
1554496920	9.934103610751393
1554497100	10.004363826579517
1554497280	10.134409471021758
1554497460	10.967859546509054
1554497640	12.073511851082246
1554497820	12.264264268510871
1554498000	14.14614224963718
1554498180	14.125051716549528
1554498360	13.29316971037123
1554498540	11.804140512065755
1554498720	12.277312087947907
1554498900	11.493152697798278
1554499080	11.887403874099254
1554499260	11.528394081200776
1554499440	12.581751170754433
1554499620	11.945211148013671
1554499800	10.73465187392301
1554499980	11.644227422359917
1554500160	10.245986848986812
1554500340	10.352291636660205
1554500520	10.282169410172436
1554500700	10.418653879149092
1554500880	9.614161425746149
1554501060	10.19082196470764
1554501240	9.968573690040245
1554501420	11.608847893526157
1554501600	11.678123227258522
1554501780	11.9687495485776
1554501960	12.529400516426966
1554502140	12.529325965460803
1554502320	13.461370949612723
1554502500	12.191429186489556
1554502680	10.824621797181093
1554502860	10.96467153670696
1554503040	10.58858250040147
1554503220	9.990908460153474
1554503400	9.977498085300128
1554503580	10.603906244039536
1554503760	9.75839427293657
1554503940	9.798638481933336
1554504120	10.074256988780366
1554504300	9.49265893979205
1554504480	9.443050011337458
1554504660	9.744214442372321
1554504840	9.545915807866388
1554505020	9.120339516715871
1554505200	9.344893670483922
1554505380	9.824376601560248
1554505560	11.104425477898783
1554505740	11.29954358595221
1554505920	11.896913090927733
1554506100	12.502367870575124
1554506280	13.896236910588211
1554506460	12.39395880566703
1554506640	10.956816894012492
1554506820	10.787848981801007
1554507000	10.497630351947414
1554507180	10.748976403392023
1554507360	10.631942212250497
1554507540	10.85206153096406
1554507720	10.560270834337459
1554507900	9.804582103341819
1554508080	9.311077255424525
1554508260	10.107870611796777
1554508440	9.674938409030437
1554508620	9.395274122887187
1554508800	11.041178208622304
1554508980	10.808156782719823
1554509160	10.55805508411593
1554509340	10.501675113708108
1554509520	10.866152086018861
1554509700	11.692400281627974
1554509880	10.762647546827793
1554510060	10.242417388409375
1554510240	10.66572305791908
1554510420	10.051704000019365
1554510600	10.118498362352451
1554510780	9.728858663472865
1554510960	9.769805724339353
1554511140	9.56518491084377
1554511320	9.46751401250561
1554511500	9.915612429056479
1554511680	9.114312446870647
1554511860	10.48482250397404
1554512040	10.323834335803985
1554512220	9.990010227475848
1554512400	10.480781164552484
1554512580	10.833662952286202
1554512760	10.796317071881559
1554512940	11.245714667770597
1554513120	11.445684059047037
1554513300	11.738315179125292
1554513480	12.144103715982702
1554513660	10.753915946930647
1554513840	10.96194908519586
1554514020	10.742435113920106
1554514200	10.311950519114085
1554514380	10.307054466671413
1554514560	10.246114576111237
1554514740	10.372618614551094
1554514920	10.241776494847404
1554515100	10.40498734894726
1554515280	10.64187109118307
1554515460	10.84622615882092
1554515640	10.384697770161761
1554515820	9.868101198060645
1554516000	10.472972842035713
1554516180	10.43276626592154
1554516360	9.914631422650949
1554516540	9.866707750565404
1554516720	9.686802006588223
1554516900	10.136272206575006
1554517080	9.872356201128827
1554517260	10.19609866107113
1554517440	10.161521868738863
1554517620	9.423342489596942
1554517800	9.488795269199688
1554517980	9.823045688039727
1554518160	10.097873861318106
1554518340	9.674882660773429
1554518520	9.658392380923033
1554518700	9.944878729206792
1554518880	9.790380157033603
1554519060	9.714235168612666
1554519240	9.835189675539732
1554519420	9.322512686666515
1554519600	9.142618568655518
1554519780	9.041892136296918
1554519960	9.874441887569297
1554520140	9.324350722625361
1554520320	9.379348537408644
1554520500	9.638274546145745
1554520680	9.461079379932565
1554520860	9.27881551018128
1554521040	9.453518649725163
1554521220	10.017078415982509
1554521400	9.437227985133296
1554521580	9.252570668856302
1554521760	9.292762811203579
1554521940	8.731162064936425
1554522120	8.67641697583927
1554522300	8.761297001524104
1554522480	8.885270737277137
1554522660	8.478243277304703
1554522840	8.681035010351074
1554523020	8.199996124704679
1554523200	8.511155530230866
1554523380	8.404825625071924
1554523560	8.398331142465274
1554523740	8.229570333990786
1554523920	8.073643660545349
1554524100	8.263568252994773
1554524280	8.398058507549628
1554524460	8.15209107108975
1554524640	8.667111311568304
1554524820	8.261789815210633
1554525000	8.11352413982808
1554525180	8.557923682443388
1554525360	8.215937656688165
1554525540	8.288406948385003
1554525720	8.46625321661378
1554525900	8.401277242932055
1554526080	8.408792935712363
1554526260	8.25719858163401
1554526440	8.463470266988644
1554526620	8.143767493331563
1554526800	8.211818823104966
1554526980	8.17247200947331
1554527160	8.297187041248316
1554527340	8.195194011083757
1554527520	7.939053480774164
1554527700	7.676108558491176
1554527880	7.691039482351913
1554528060	8.112457642188438
1554528240	8.348141753865827
1554528420	8.356858265514557
1554528600	8.169736722674298
1554528780	8.308947569639473
1554528960	8.401365376590343
1554529140	8.93029192589469
1554529320	9.301782503083189
1554529500	9.02179884497482
1554529680	8.698908416593962
1554529860	8.390247381386462
1554530040	8.435548962809538
1554530220	8.661388772120187
1554530400	8.967568780740965
1554530580	8.358805658781659
1554530760	8.059414306200212
1554530940	7.740842447782818
1554531120	7.816810924394263
1554531300	8.004014004187452
1554531480	7.811210877626486
1554531660	8.049080972815608
1554531840	7.609047632214132
1554532020	7.661216096211505
1554532200	7.413138668463435
1554532380	7.732376789593178
1554532560	7.754375391453505
1554532740	7.39137996757484
1554532920	7.540231141988393
1554533100	7.382326097933801
1554533280	7.660900848276086
1554533460	7.476044428379585
1554533640	7.78791020361967
1554533820	7.751334269841512
1554534000	7.7044677876098
1554534180	7.688351874972912
1554534360	7.484928300338132
1554534540	7.719723202288151
1554534720	7.353441315049187
1554534900	7.737729113880131
1554535080	7.460984531672377
1554535260	7.812071985964264
1554535440	8.920373828893297
1554535620	7.451053408156965
1554535800	7.607036572951142
1554535980	8.06079043901485
1554536160	7.9718338954059975
1554536340	8.004568039224697
1554536520	7.9614052651657
1554536700	7.557661612528366
1554536880	7.967039864141863
1554537060	7.573816820979118
1554537240	7.509269526766406
1554537420	7.543257935646366
1554537600	7.848161094052636
1554537780	7.146127000611315
1554537960	7.302761069296495
1554538140	7.40560641001772
1554538320	7.944667078955199
1554538500	7.905814773837725
1554538680	7.953859347732443
1554538860	7.051433583523365
1554539040	7.423156161061538
1554539220	7.3305052457157
1554539400	7.409760802825715
1554539580	7.531905124866471
1554539760	7.109438549131155
1554539940	7.0274233551614955
1554540120	7.404391055578714
1554540300	7.053584138279433
1554540480	6.931529219242487
1554540660	7.234735331692538
1554540840	7.0095969601038925
1554541020	7.03166967949697
1554541200	6.922046656254679
1554541380	7.098868976064613
1554541560	6.898172074949349
1554541740	6.391423459520045
1554541920	6.839643258284381
1554542100	6.705302331322118
1554542280	6.926551946479341
1554542460	7.040957286135181
1554542640	6.643942236238056
1554542820	6.50180731681378
1554543000	6.951673679798842
1554543180	6.637626091990134
1554543360	6.425721156100432
1554543540	6.545857163104746
1554543720	6.340931024981869
1554543900	6.778001799342338
1554544080	6.954719617962837
1554544260	6.8602209699086165
1554544440	6.886245142542914
1554544620	6.639793630218369
1554544800	6.886443348078245
1554544980	6.550949353682861
1554545160	6.773327809120162
1554545340	6.635228251054715
1554545520	6.586434551555177
1554545700	6.686827080740648
1554545880	6.808763057560377
1554546060	6.768439290647426
1554546240	6.6895645928088125
1554546420	6.821115509691563
1554546600	6.895147103567918
1554546780	6.927202922768063
1554546960	6.822825351541631
1554547140	6.861190161343371
1554547320	7.023421949884865
1554547500	6.9338367103006355
1554547680	6.907335260439487
1554547860	6.859047798987697
1554548040	6.8789588716727765
1554548220	7.152221265164289
1554548400	7.0089821018529745
1554548580	6.8066749571134215
1554548760	6.748355054144943
1554548940	6.693664252095752
1554549120	6.993896967223422
1554549300	6.764577699909833
1554549480	6.700856579894043
1554549660	6.895679934138663
1554549840	7.281962077111699
1554550020	7.178126897832209
1554550200	7.272094050150239
1554550380	7.606463622176245
1554550560	7.404931216404356
1554550740	7.481595029091013
1554550920	7.50502325373364
1554551100	7.652919455203745
1554551280	6.902444402433255
1554551460	8.021366981894113
1554551640	8.475393239794107
1554551820	7.67940164876453
1554552000	7.9213414676078076
1554552180	7.542440295972851
1554552360	7.676754728485556
1554552540	7.9654729770632775
1554552720	7.8798131414357275
1554552900	7.878812610192432
1554553080	7.92004595602615
1554553260	8.824710890098855
1554553440	9.601585466373752
1554553620	8.61717139254598
1554553800	9.300839077451347
1554553980	8.37699261433288
1554554160	8.716532651992406
1554554340	8.242207468317991
1554554520	7.66755777351635
1554554700	8.09743102648012
1554554880	8.638638197638832
1554555060	8.506496433499787
1554555240	8.210624496390421
1554555420	8.275561712682247
1554555600	8.365506456423832
1554555780	8.221854390783442
1554555960	8.07104307396168
1554556140	7.646047291356129
1554556320	7.5778412806761
1554556500	7.829459882016932
1554556680	8.108412637278951
1554556860	7.8443379140614224
1554557040	8.161566004723959
1554557220	8.134128923998789
1554557400	7.9287785149069245
1554557580	8.02608081500264
1554557760	8.088808413015471
1554557940	7.839027042059522
1554558120	8.34901524335146
1554558300	8.479588515489645
1554558480	8.47116300999187
1554558660	7.975559440834655
1554558840	8.210625196273407
1554559020	8.286300931870937
1554559200	8.213638217208233
1554559380	8.164420920004556
1554559560	8.515006262731427
1554559740	8.656747919256969
1554559920	8.596336587104533
1554560100	8.226675558474756
1554560280	8.252279650067027
1554560460	7.985106242174397
1554560640	8.15256727948461
1554560820	8.1168850135613
1554561000	8.199586769277902
1554561180	8.315724487634416
1554561360	8.492134723291603
1554561540	8.353621911257505
1554561720	8.327268450399457
1554561900	8.483455505924967
1554562080	8.14040246593245
1554562260	7.590946367791584
1554562440	7.751974899095038
1554562620	8.08195406405889
1554562800	8.188263899552712
1554562980	7.899748021911861
1554563160	8.345173857761202
1554563340	8.356157917294416
1554563520	9.107507402353265
1554563700	7.908759551408054
1554563880	8.560980101364354
1554564060	8.442277865834756
1554564240	8.580268079200042
1554564420	7.856795718272527
1554564600	8.149742392972112
1554564780	8.311625178538117
1554564960	8.337267620909598
1554565140	8.61417374974833
1554565320	8.787441932845233
1554565500	8.653821196248556
1554565680	7.660966896913885
1554565860	7.7148867774213485
1554566040	8.797172042701778
1554566220	8.578238992467522
